{"/home/travis/build/npmtest/node-npmtest-docxtemplater/test.js":{"path":"/home/travis/build/npmtest/node-npmtest-docxtemplater/test.js","s":{"1":2,"2":2,"3":2,"4":2,"5":2,"6":2,"7":2,"8":1,"9":2,"10":2,"11":1,"12":1,"13":1,"14":1,"15":2,"16":2,"17":2,"18":2,"19":1,"20":1,"21":2,"22":2,"23":2,"24":1,"25":1,"26":1,"27":1,"28":1,"29":1,"30":1,"31":1,"32":1,"33":1,"34":1,"35":1,"36":1,"37":1,"38":1,"39":2,"40":2,"41":1,"42":2,"43":2,"44":1,"45":2,"46":2,"47":1,"48":2,"49":2,"50":1,"51":1,"52":1,"53":1,"54":1},"b":{"1":[2,1,1,1],"2":[1,1,1,1],"3":[1,1],"4":[1,1],"5":[1,1],"6":[1,1],"7":[1,1],"8":[1,1],"9":[1,1],"10":[1,1,1],"11":[1,1],"12":[1,1],"13":[1,1],"14":[1,1],"15":[1,1],"16":[1,1],"17":[1,1]},"f":{"1":2,"2":2,"3":2,"4":2,"5":2,"6":1,"7":1,"8":1,"9":2,"10":2,"11":2,"12":2,"13":1},"fnMap":{"1":{"name":"(anonymous_1)","line":12,"loc":{"start":{"line":12,"column":1},"end":{"line":12,"column":13}}},"2":{"name":"(anonymous_2)","line":19,"loc":{"start":{"line":19,"column":5},"end":{"line":19,"column":17}}},"3":{"name":"(anonymous_3)","line":23,"loc":{"start":{"line":23,"column":24},"end":{"line":23,"column":36}}},"4":{"name":"(anonymous_4)","line":61,"loc":{"start":{"line":61,"column":5},"end":{"line":61,"column":17}}},"5":{"name":"(anonymous_5)","line":82,"loc":{"start":{"line":82,"column":5},"end":{"line":82,"column":17}}},"6":{"name":"(anonymous_6)","line":91,"loc":{"start":{"line":91,"column":77},"end":{"line":94,"column":10}}},"7":{"name":"(anonymous_7)","line":112,"loc":{"start":{"line":112,"column":83},"end":{"line":115,"column":10}},"skip":true},"8":{"name":"(anonymous_8)","line":123,"loc":{"start":{"line":123,"column":77},"end":{"line":126,"column":10}},"skip":true},"9":{"name":"(anonymous_9)","line":139,"loc":{"start":{"line":139,"column":12},"end":{"line":139,"column":40}},"skip":true},"10":{"name":"(anonymous_10)","line":147,"loc":{"start":{"line":147,"column":77},"end":{"line":150,"column":10}},"skip":true},"11":{"name":"(anonymous_11)","line":158,"loc":{"start":{"line":158,"column":83},"end":{"line":161,"column":10}},"skip":true},"12":{"name":"(anonymous_12)","line":169,"loc":{"start":{"line":169,"column":79},"end":{"line":172,"column":10}},"skip":true},"13":{"name":"(anonymous_13)","line":180,"loc":{"start":{"line":180,"column":75},"end":{"line":183,"column":10}},"skip":true}},"statementMap":{"1":{"start":{"line":12,"column":0},"end":{"line":195,"column":5}},"2":{"start":{"line":14,"column":4},"end":{"line":14,"column":14}},"3":{"start":{"line":19,"column":4},"end":{"line":56,"column":9}},"4":{"start":{"line":21,"column":8},"end":{"line":21,"column":19}},"5":{"start":{"line":23,"column":8},"end":{"line":35,"column":13}},"6":{"start":{"line":24,"column":12},"end":{"line":34,"column":13}},"7":{"start":{"line":25,"column":16},"end":{"line":28,"column":30}},"8":{"start":{"line":30,"column":16},"end":{"line":33,"column":27}},"9":{"start":{"line":37,"column":8},"end":{"line":39,"column":21}},"10":{"start":{"line":40,"column":8},"end":{"line":53,"column":9}},"11":{"start":{"line":43,"column":12},"end":{"line":46,"column":14}},"12":{"start":{"line":47,"column":12},"end":{"line":47,"column":18}},"13":{"start":{"line":50,"column":12},"end":{"line":51,"column":46}},"14":{"start":{"line":52,"column":12},"end":{"line":52,"column":18}},"15":{"start":{"line":55,"column":8},"end":{"line":55,"column":35}},"16":{"start":{"line":61,"column":4},"end":{"line":63,"column":9}},"17":{"start":{"line":62,"column":8},"end":{"line":62,"column":15}},"18":{"start":{"line":64,"column":4},"end":{"line":77,"column":5}},"19":{"start":{"line":70,"column":8},"end":{"line":70,"column":14}},"20":{"start":{"line":76,"column":8},"end":{"line":76,"column":14}},"21":{"start":{"line":82,"column":4},"end":{"line":84,"column":9}},"22":{"start":{"line":83,"column":8},"end":{"line":83,"column":15}},"23":{"start":{"line":85,"column":4},"end":{"line":194,"column":5}},"24":{"start":{"line":91,"column":8},"end":{"line":99,"column":10}},"25":{"start":{"line":98,"column":12},"end":{"line":98,"column":35}},"26":{"start":{"line":102,"column":8},"end":{"line":104,"column":63}},"27":{"start":{"line":105,"column":8},"end":{"line":105,"column":14}},"28":{"start":{"line":112,"column":8},"end":{"line":121,"column":10},"skip":true},"29":{"start":{"line":119,"column":12},"end":{"line":119,"column":55},"skip":true},"30":{"start":{"line":120,"column":12},"end":{"line":120,"column":48},"skip":true},"31":{"start":{"line":123,"column":8},"end":{"line":136,"column":10},"skip":true},"32":{"start":{"line":130,"column":12},"end":{"line":130,"column":76},"skip":true},"33":{"start":{"line":131,"column":12},"end":{"line":131,"column":73},"skip":true},"34":{"start":{"line":132,"column":12},"end":{"line":132,"column":74},"skip":true},"35":{"start":{"line":133,"column":12},"end":{"line":133,"column":79},"skip":true},"36":{"start":{"line":134,"column":12},"end":{"line":134,"column":25},"skip":true},"37":{"start":{"line":135,"column":12},"end":{"line":135,"column":45},"skip":true},"38":{"start":{"line":138,"column":8},"end":{"line":145,"column":14},"skip":true},"39":{"start":{"line":143,"column":16},"end":{"line":143,"column":29},"skip":true},"40":{"start":{"line":144,"column":16},"end":{"line":144,"column":55},"skip":true},"41":{"start":{"line":147,"column":8},"end":{"line":156,"column":10},"skip":true},"42":{"start":{"line":154,"column":12},"end":{"line":154,"column":25},"skip":true},"43":{"start":{"line":155,"column":12},"end":{"line":155,"column":45},"skip":true},"44":{"start":{"line":158,"column":8},"end":{"line":167,"column":10},"skip":true},"45":{"start":{"line":165,"column":12},"end":{"line":165,"column":25},"skip":true},"46":{"start":{"line":166,"column":12},"end":{"line":166,"column":48},"skip":true},"47":{"start":{"line":169,"column":8},"end":{"line":178,"column":10},"skip":true},"48":{"start":{"line":176,"column":12},"end":{"line":176,"column":25},"skip":true},"49":{"start":{"line":177,"column":12},"end":{"line":177,"column":46},"skip":true},"50":{"start":{"line":180,"column":8},"end":{"line":189,"column":10},"skip":true},"51":{"start":{"line":187,"column":12},"end":{"line":187,"column":94},"skip":true},"52":{"start":{"line":188,"column":12},"end":{"line":188,"column":48},"skip":true},"53":{"start":{"line":192,"column":8},"end":{"line":192,"column":35},"skip":true},"54":{"start":{"line":193,"column":8},"end":{"line":193,"column":14},"skip":true}},"branchMap":{"1":{"line":25,"type":"binary-expr","locations":[{"start":{"line":25,"column":23},"end":{"line":25,"column":62}},{"start":{"line":26,"column":20},"end":{"line":26,"column":70}},{"start":{"line":27,"column":20},"end":{"line":27,"column":71}},{"start":{"line":28,"column":20},"end":{"line":28,"column":29}}]},"2":{"line":30,"type":"binary-expr","locations":[{"start":{"line":30,"column":23},"end":{"line":30,"column":37}},{"start":{"line":31,"column":20},"end":{"line":31,"column":61}},{"start":{"line":32,"column":20},"end":{"line":32,"column":70}},{"start":{"line":33,"column":20},"end":{"line":33,"column":26}}]},"3":{"line":37,"type":"cond-expr","locations":[{"start":{"line":38,"column":14},"end":{"line":38,"column":20}},{"start":{"line":39,"column":14},"end":{"line":39,"column":20}}]},"4":{"line":40,"type":"switch","locations":[{"start":{"line":42,"column":8},"end":{"line":47,"column":18}},{"start":{"line":49,"column":8},"end":{"line":52,"column":18}}]},"5":{"line":44,"type":"binary-expr","locations":[{"start":{"line":44,"column":16},"end":{"line":44,"column":44}},{"start":{"line":44,"column":48},"end":{"line":44,"column":66}}]},"6":{"line":50,"type":"binary-expr","locations":[{"start":{"line":50,"column":21},"end":{"line":50,"column":49}},{"start":{"line":50,"column":53},"end":{"line":50,"column":72}}]},"7":{"line":64,"type":"switch","locations":[{"start":{"line":69,"column":4},"end":{"line":70,"column":14}},{"start":{"line":75,"column":4},"end":{"line":76,"column":14}}]},"8":{"line":85,"type":"switch","locations":[{"start":{"line":90,"column":4},"end":{"line":105,"column":14}},{"start":{"line":111,"column":4},"end":{"line":193,"column":14},"skip":true}]},"9":{"line":91,"type":"binary-expr","locations":[{"start":{"line":91,"column":42},"end":{"line":91,"column":73}},{"start":{"line":91,"column":77},"end":{"line":99,"column":9}}]},"10":{"line":102,"type":"binary-expr","locations":[{"start":{"line":102,"column":18},"end":{"line":102,"column":32}},{"start":{"line":103,"column":12},"end":{"line":103,"column":53}},{"start":{"line":104,"column":12},"end":{"line":104,"column":61}}]},"11":{"line":112,"type":"binary-expr","locations":[{"start":{"line":112,"column":45},"end":{"line":112,"column":79},"skip":true},{"start":{"line":112,"column":83},"end":{"line":121,"column":9},"skip":true}]},"12":{"line":123,"type":"binary-expr","locations":[{"start":{"line":123,"column":42},"end":{"line":123,"column":73},"skip":true},{"start":{"line":123,"column":77},"end":{"line":136,"column":9},"skip":true}]},"13":{"line":138,"type":"binary-expr","locations":[{"start":{"line":138,"column":48},"end":{"line":138,"column":85},"skip":true},{"start":{"line":139,"column":12},"end":{"line":145,"column":13},"skip":true}]},"14":{"line":147,"type":"binary-expr","locations":[{"start":{"line":147,"column":42},"end":{"line":147,"column":73},"skip":true},{"start":{"line":147,"column":77},"end":{"line":156,"column":9},"skip":true}]},"15":{"line":158,"type":"binary-expr","locations":[{"start":{"line":158,"column":45},"end":{"line":158,"column":79},"skip":true},{"start":{"line":158,"column":83},"end":{"line":167,"column":9},"skip":true}]},"16":{"line":169,"type":"binary-expr","locations":[{"start":{"line":169,"column":43},"end":{"line":169,"column":75},"skip":true},{"start":{"line":169,"column":79},"end":{"line":178,"column":9},"skip":true}]},"17":{"line":180,"type":"binary-expr","locations":[{"start":{"line":180,"column":41},"end":{"line":180,"column":71},"skip":true},{"start":{"line":180,"column":75},"end":{"line":189,"column":9},"skip":true}]}},"code":["/* istanbul instrument in package npmtest_docxtemplater */","/*jslint","    bitwise: true,","    browser: true,","    maxerr: 8,","    maxlen: 96,","    node: true,","    nomen: true,","    regexp: true,","    stupid: true","*/","(function () {","    'use strict';","    var local;","","","","    // run shared js-env code - pre-init","    (function () {","        // init local","        local = {};","        // init modeJs","        local.modeJs = (function () {","            try {","                return typeof navigator.userAgent === 'string' &&","                    typeof document.querySelector('body') === 'object' &&","                    typeof XMLHttpRequest.prototype.open === 'function' &&","                    'browser';","            } catch (errorCaughtBrowser) {","                return module.exports &&","                    typeof process.versions.node === 'string' &&","                    typeof require('http').createServer === 'function' &&","                    'node';","            }","        }());","        // init global","        local.global = local.modeJs === 'browser'","            ? window","            : global;","        switch (local.modeJs) {","        // re-init local from window.local","        case 'browser':","            local = local.global.utility2.objectSetDefault(","                local.global.utility2_rollup || local.global.local,","                local.global.utility2","            );","            break;","        // re-init local from example.js","        case 'node':","            local = (local.global.utility2_rollup || require('utility2'))","                .requireExampleJsFromReadme();","            break;","        }","        // export local","        local.global.local = local;","    }());","","","","    // run shared js-env code - function","    (function () {","        return;","    }());","    switch (local.modeJs) {","","","","    // run browser js-env code - function","    case 'browser':","        break;","","","","    // run node js-env code - function","    case 'node':","        break;","    }","","","","    // run shared js-env code - post-init","    (function () {","        return;","    }());","    switch (local.modeJs) {","","","","    // run browser js-env code - post-init","    case 'browser':","        local.testCase_browser_nullCase = local.testCase_browser_nullCase || function (","            options,","            onError","        ) {","        /*","         * this function will test browsers's null-case handling-behavior-behavior","         */","            onError(null, options);","        };","","        // run tests","        local.nop(local.modeTest &&","            document.querySelector('#testRunButton1') &&","            document.querySelector('#testRunButton1').click());","        break;","","","","    // run node js-env code - post-init","    /* istanbul ignore next */","    case 'node':","        local.testCase_buildApidoc_default = local.testCase_buildApidoc_default || function (","            options,","            onError","        ) {","        /*","         * this function will test buildApidoc's default handling-behavior-behavior","         */","            options = { modulePathList: module.paths };","            local.buildApidoc(options, onError);","        };","","        local.testCase_buildApp_default = local.testCase_buildApp_default || function (","            options,","            onError","        ) {","        /*","         * this function will test buildApp's default handling-behavior-behavior","         */","            local.testCase_buildReadme_default(options, local.onErrorThrow);","            local.testCase_buildLib_default(options, local.onErrorThrow);","            local.testCase_buildTest_default(options, local.onErrorThrow);","            local.testCase_buildCustomOrg_default(options, local.onErrorThrow);","            options = [];","            local.buildApp(options, onError);","        };","","        local.testCase_buildCustomOrg_default = local.testCase_buildCustomOrg_default ||","            function (options, onError) {","            /*","             * this function will test buildCustomOrg's default handling-behavior","             */","                options = {};","                local.buildCustomOrg(options, onError);","            };","","        local.testCase_buildLib_default = local.testCase_buildLib_default || function (","            options,","            onError","        ) {","        /*","         * this function will test buildLib's default handling-behavior","         */","            options = {};","            local.buildLib(options, onError);","        };","","        local.testCase_buildReadme_default = local.testCase_buildReadme_default || function (","            options,","            onError","        ) {","        /*","         * this function will test buildReadme's default handling-behavior-behavior","         */","            options = {};","            local.buildReadme(options, onError);","        };","","        local.testCase_buildTest_default = local.testCase_buildTest_default || function (","            options,","            onError","        ) {","        /*","         * this function will test buildTest's default handling-behavior","         */","            options = {};","            local.buildTest(options, onError);","        };","","        local.testCase_webpage_default = local.testCase_webpage_default || function (","            options,","            onError","        ) {","        /*","         * this function will test webpage's default handling-behavior","         */","            options = { modeCoverageMerge: true, url: local.serverLocalHost + '?modeTest=1' };","            local.browserTest(options, onError);","        };","","        // run test-server","        local.testRunServer(local);","        break;","    }","}());",""],"l":{"12":2,"14":2,"19":2,"21":2,"23":2,"24":2,"25":2,"30":1,"37":2,"40":2,"43":1,"47":1,"50":1,"52":1,"55":2,"61":2,"62":2,"64":2,"70":1,"76":1,"82":2,"83":2,"85":2,"91":1,"98":1,"102":1,"105":1,"112":1,"119":1,"120":1,"123":1,"130":1,"131":1,"132":1,"133":1,"134":1,"135":1,"138":1,"143":2,"144":2,"147":1,"154":2,"155":2,"158":1,"165":2,"166":2,"169":1,"176":2,"177":2,"180":1,"187":1,"188":1,"192":1,"193":1}},"/home/travis/build/npmtest/node-npmtest-docxtemplater/lib.npmtest_docxtemplater.js":{"path":"/home/travis/build/npmtest/node-npmtest-docxtemplater/lib.npmtest_docxtemplater.js","s":{"1":2,"2":2,"3":2,"4":2,"5":2,"6":2,"7":2,"8":1,"9":2,"10":2,"11":2,"12":2,"13":1,"14":1,"15":1,"16":1},"b":{"1":[2,1,1,1],"2":[1,1,1,1],"3":[1,1],"4":[2,2],"5":[1,1]},"f":{"1":2,"2":2,"3":2},"fnMap":{"1":{"name":"(anonymous_1)","line":12,"loc":{"start":{"line":12,"column":1},"end":{"line":12,"column":13}}},"2":{"name":"(anonymous_2)","line":19,"loc":{"start":{"line":19,"column":5},"end":{"line":19,"column":17}}},"3":{"name":"(anonymous_3)","line":23,"loc":{"start":{"line":23,"column":24},"end":{"line":23,"column":36}}}},"statementMap":{"1":{"start":{"line":12,"column":0},"end":{"line":53,"column":5}},"2":{"start":{"line":14,"column":4},"end":{"line":14,"column":14}},"3":{"start":{"line":19,"column":4},"end":{"line":52,"column":9}},"4":{"start":{"line":21,"column":8},"end":{"line":21,"column":19}},"5":{"start":{"line":23,"column":8},"end":{"line":35,"column":13}},"6":{"start":{"line":24,"column":12},"end":{"line":34,"column":13}},"7":{"start":{"line":25,"column":16},"end":{"line":28,"column":30}},"8":{"start":{"line":30,"column":16},"end":{"line":33,"column":27}},"9":{"start":{"line":37,"column":8},"end":{"line":39,"column":21}},"10":{"start":{"line":41,"column":8},"end":{"line":41,"column":54}},"11":{"start":{"line":43,"column":8},"end":{"line":43,"column":58}},"12":{"start":{"line":45,"column":8},"end":{"line":51,"column":9}},"13":{"start":{"line":46,"column":12},"end":{"line":46,"column":64}},"14":{"start":{"line":48,"column":12},"end":{"line":48,"column":35}},"15":{"start":{"line":49,"column":12},"end":{"line":49,"column":49}},"16":{"start":{"line":50,"column":12},"end":{"line":50,"column":43}}},"branchMap":{"1":{"line":25,"type":"binary-expr","locations":[{"start":{"line":25,"column":23},"end":{"line":25,"column":62}},{"start":{"line":26,"column":20},"end":{"line":26,"column":70}},{"start":{"line":27,"column":20},"end":{"line":27,"column":71}},{"start":{"line":28,"column":20},"end":{"line":28,"column":29}}]},"2":{"line":30,"type":"binary-expr","locations":[{"start":{"line":30,"column":23},"end":{"line":30,"column":37}},{"start":{"line":31,"column":20},"end":{"line":31,"column":61}},{"start":{"line":32,"column":20},"end":{"line":32,"column":70}},{"start":{"line":33,"column":20},"end":{"line":33,"column":26}}]},"3":{"line":37,"type":"cond-expr","locations":[{"start":{"line":38,"column":14},"end":{"line":38,"column":20}},{"start":{"line":39,"column":14},"end":{"line":39,"column":20}}]},"4":{"line":41,"type":"binary-expr","locations":[{"start":{"line":41,"column":16},"end":{"line":41,"column":44}},{"start":{"line":41,"column":48},"end":{"line":41,"column":53}}]},"5":{"line":45,"type":"if","locations":[{"start":{"line":45,"column":8},"end":{"line":45,"column":8}},{"start":{"line":45,"column":8},"end":{"line":45,"column":8}}]}},"code":["/* istanbul instrument in package npmtest_docxtemplater */","/*jslint","    bitwise: true,","    browser: true,","    maxerr: 8,","    maxlen: 96,","    node: true,","    nomen: true,","    regexp: true,","    stupid: true","*/","(function () {","    'use strict';","    var local;","","","","    // run shared js-env code - pre-init","    (function () {","        // init local","        local = {};","        // init modeJs","        local.modeJs = (function () {","            try {","                return typeof navigator.userAgent === 'string' &&","                    typeof document.querySelector('body') === 'object' &&","                    typeof XMLHttpRequest.prototype.open === 'function' &&","                    'browser';","            } catch (errorCaughtBrowser) {","                return module.exports &&","                    typeof process.versions.node === 'string' &&","                    typeof require('http').createServer === 'function' &&","                    'node';","            }","        }());","        // init global","        local.global = local.modeJs === 'browser'","            ? window","            : global;","        // init utility2_rollup","        local = local.global.utility2_rollup || local;","        // init lib","        local.local = local.npmtest_docxtemplater = local;","        // init exports","        if (local.modeJs === 'browser') {","            local.global.utility2_npmtest_docxtemplater = local;","        } else {","            module.exports = local;","            module.exports.__dirname = __dirname;","            module.exports.module = module;","        }","    }());","}());",""],"l":{"12":2,"14":2,"19":2,"21":2,"23":2,"24":2,"25":2,"30":1,"37":2,"41":2,"43":2,"45":2,"46":1,"48":1,"49":1,"50":1}},"/home/travis/build/npmtest/node-npmtest-docxtemplater/example.js":{"path":"/home/travis/build/npmtest/node-npmtest-docxtemplater/example.js","s":{"1":2,"2":2,"3":2,"4":2,"5":2,"6":2,"7":2,"8":1,"9":2,"10":2,"11":2,"12":2,"13":1,"14":2,"15":2,"16":2,"17":2,"18":2,"19":0,"20":2,"21":1,"22":1,"23":1,"24":1,"25":1,"26":0,"27":0,"28":1,"29":1,"30":2,"31":0,"32":0,"33":0,"34":1,"35":2,"36":2,"37":3,"38":3,"39":3,"40":3,"41":0,"42":3,"43":3,"44":3,"45":1,"46":3,"47":1,"48":1,"49":1,"50":1,"51":1,"52":1,"53":1,"54":1,"55":1,"56":1,"57":0,"58":1,"59":6,"60":6,"61":1,"62":2,"63":0,"64":2,"65":1,"66":1,"67":0,"68":0,"69":0,"70":0,"71":0,"72":0,"73":0,"74":0,"75":0,"76":0,"77":0,"78":0,"79":0,"80":0,"81":0,"82":0,"83":0},"b":{"1":[2,1,1,1],"2":[1,1,1,1],"3":[1,1],"4":[2,2],"5":[1,1],"6":[1,1],"7":[2,0],"8":[2,1,1,1,1,1],"9":[0,2,0],"10":[1,1],"11":[2,1,1],"12":[1,0],"13":[0,2],"14":[2,0,0,0,0,0,0],"15":[0,3],"16":[3,0],"17":[1,1],"18":[0,1],"19":[1,2,0,2],"20":[1,0],"21":[1,1],"22":[0,0],"23":[0,0],"24":[0,0],"25":[0,0],"26":[0,0],"27":[0,0],"28":[0,0]},"f":{"1":2,"2":2,"3":2,"4":2,"5":2,"6":2,"7":3,"8":3,"9":3,"10":1,"11":6,"12":0},"fnMap":{"1":{"name":"(anonymous_1)","line":26,"loc":{"start":{"line":26,"column":1},"end":{"line":26,"column":13}}},"2":{"name":"(anonymous_2)","line":33,"loc":{"start":{"line":33,"column":5},"end":{"line":33,"column":17}}},"3":{"name":"(anonymous_3)","line":37,"loc":{"start":{"line":37,"column":24},"end":{"line":37,"column":36}}},"4":{"name":"(anonymous_4)","line":69,"loc":{"start":{"line":69,"column":31},"end":{"line":69,"column":48}},"skip":true},"5":{"name":"(anonymous_5)","line":78,"loc":{"start":{"line":78,"column":26},"end":{"line":78,"column":45}},"skip":true},"6":{"name":"(anonymous_6)","line":123,"loc":{"start":{"line":123,"column":33},"end":{"line":123,"column":48}},"skip":true},"7":{"name":"(anonymous_7)","line":125,"loc":{"start":{"line":125,"column":27},"end":{"line":125,"column":39}},"skip":true},"8":{"name":"(anonymous_8)","line":133,"loc":{"start":{"line":133,"column":59},"end":{"line":133,"column":74}},"skip":true},"9":{"name":"(anonymous_9)","line":143,"loc":{"start":{"line":143,"column":45},"end":{"line":143,"column":62}},"skip":true},"10":{"name":"(anonymous_10)","line":144,"loc":{"start":{"line":144,"column":73},"end":{"line":144,"column":92}},"skip":true},"11":{"name":"(anonymous_11)","line":272,"loc":{"start":{"line":272,"column":51},"end":{"line":272,"column":77}},"skip":true},"12":{"name":"(anonymous_12)","line":315,"loc":{"start":{"line":315,"column":32},"end":{"line":315,"column":61}},"skip":true}},"statementMap":{"1":{"start":{"line":26,"column":0},"end":{"line":326,"column":5}},"2":{"start":{"line":28,"column":4},"end":{"line":28,"column":14}},"3":{"start":{"line":33,"column":4},"end":{"line":60,"column":9}},"4":{"start":{"line":35,"column":8},"end":{"line":35,"column":19}},"5":{"start":{"line":37,"column":8},"end":{"line":49,"column":13}},"6":{"start":{"line":38,"column":12},"end":{"line":48,"column":13}},"7":{"start":{"line":39,"column":16},"end":{"line":42,"column":30}},"8":{"start":{"line":44,"column":16},"end":{"line":47,"column":27}},"9":{"start":{"line":51,"column":8},"end":{"line":53,"column":21}},"10":{"start":{"line":55,"column":8},"end":{"line":57,"column":45}},"11":{"start":{"line":59,"column":8},"end":{"line":59,"column":35}},"12":{"start":{"line":61,"column":4},"end":{"line":325,"column":5}},"13":{"start":{"line":69,"column":8},"end":{"line":121,"column":10},"skip":true},"14":{"start":{"line":70,"column":12},"end":{"line":88,"column":13},"skip":true},"15":{"start":{"line":76,"column":16},"end":{"line":87,"column":19},"skip":true},"16":{"start":{"line":79,"column":20},"end":{"line":86,"column":21},"skip":true},"17":{"start":{"line":82,"column":24},"end":{"line":82,"column":43},"skip":true},"18":{"start":{"line":83,"column":24},"end":{"line":83,"column":30},"skip":true},"19":{"start":{"line":85,"column":24},"end":{"line":85,"column":49},"skip":true},"20":{"start":{"line":89,"column":12},"end":{"line":107,"column":13},"skip":true},"21":{"start":{"line":92,"column":16},"end":{"line":102,"column":17},"skip":true},"22":{"start":{"line":93,"column":20},"end":{"line":93,"column":86},"skip":true},"23":{"start":{"line":94,"column":20},"end":{"line":95,"column":45},"skip":true},"24":{"start":{"line":96,"column":20},"end":{"line":96,"column":42},"skip":true},"25":{"start":{"line":97,"column":20},"end":{"line":97,"column":48},"skip":true},"26":{"start":{"line":100,"column":20},"end":{"line":100,"column":85},"skip":true},"27":{"start":{"line":101,"column":20},"end":{"line":101,"column":96},"skip":true},"28":{"start":{"line":103,"column":16},"end":{"line":103,"column":22},"skip":true},"29":{"start":{"line":106,"column":16},"end":{"line":106,"column":22},"skip":true},"30":{"start":{"line":108,"column":12},"end":{"line":120,"column":13},"skip":true},"31":{"start":{"line":114,"column":16},"end":{"line":119,"column":17},"skip":true},"32":{"start":{"line":116,"column":20},"end":{"line":116,"column":78},"skip":true},"33":{"start":{"line":118,"column":20},"end":{"line":118,"column":47},"skip":true},"34":{"start":{"line":123,"column":8},"end":{"line":141,"column":11},"skip":true},"35":{"start":{"line":124,"column":12},"end":{"line":124,"column":54},"skip":true},"36":{"start":{"line":125,"column":12},"end":{"line":140,"column":14},"skip":true},"37":{"start":{"line":126,"column":16},"end":{"line":126,"column":28},"skip":true},"38":{"start":{"line":127,"column":16},"end":{"line":127,"column":69},"skip":true},"39":{"start":{"line":128,"column":16},"end":{"line":128,"column":75},"skip":true},"40":{"start":{"line":129,"column":16},"end":{"line":131,"column":17},"skip":true},"41":{"start":{"line":130,"column":20},"end":{"line":130,"column":27},"skip":true},"42":{"start":{"line":133,"column":16},"end":{"line":137,"column":36},"skip":true},"43":{"start":{"line":134,"column":20},"end":{"line":136,"column":55},"skip":true},"44":{"start":{"line":139,"column":16},"end":{"line":139,"column":57},"skip":true},"45":{"start":{"line":143,"column":8},"end":{"line":147,"column":11},"skip":true},"46":{"start":{"line":144,"column":12},"end":{"line":146,"column":15},"skip":true},"47":{"start":{"line":145,"column":16},"end":{"line":145,"column":70},"skip":true},"48":{"start":{"line":149,"column":8},"end":{"line":149,"column":31},"skip":true},"49":{"start":{"line":150,"column":8},"end":{"line":150,"column":14},"skip":true},"50":{"start":{"line":158,"column":8},"end":{"line":158,"column":31},"skip":true},"51":{"start":{"line":160,"column":8},"end":{"line":160,"column":33},"skip":true},"52":{"start":{"line":161,"column":8},"end":{"line":161,"column":37},"skip":true},"53":{"start":{"line":162,"column":8},"end":{"line":162,"column":35},"skip":true},"54":{"start":{"line":164,"column":8},"end":{"line":164,"column":50},"skip":true},"55":{"start":{"line":166,"column":8},"end":{"line":256,"column":2},"skip":true},"56":{"start":{"line":258,"column":8},"end":{"line":286,"column":9},"skip":true},"57":{"start":{"line":259,"column":12},"end":{"line":269,"column":14},"skip":true},"58":{"start":{"line":271,"column":12},"end":{"line":285,"column":19},"skip":true},"59":{"start":{"line":274,"column":20},"end":{"line":274,"column":35},"skip":true},"60":{"start":{"line":275,"column":20},"end":{"line":284,"column":21},"skip":true},"61":{"start":{"line":277,"column":24},"end":{"line":277,"column":64},"skip":true},"62":{"start":{"line":279,"column":24},"end":{"line":279,"column":40},"skip":true},"63":{"start":{"line":281,"column":24},"end":{"line":281,"column":40},"skip":true},"64":{"start":{"line":283,"column":24},"end":{"line":283,"column":39},"skip":true},"65":{"start":{"line":288,"column":8},"end":{"line":290,"column":9},"skip":true},"66":{"start":{"line":289,"column":12},"end":{"line":289,"column":18},"skip":true},"67":{"start":{"line":291,"column":8},"end":{"line":293,"column":54},"skip":true},"68":{"start":{"line":296,"column":8},"end":{"line":301,"column":37},"skip":true},"69":{"start":{"line":303,"column":8},"end":{"line":303,"column":82},"skip":true},"70":{"start":{"line":306,"column":8},"end":{"line":308,"column":9},"skip":true},"71":{"start":{"line":307,"column":12},"end":{"line":307,"column":82},"skip":true},"72":{"start":{"line":310,"column":8},"end":{"line":312,"column":9},"skip":true},"73":{"start":{"line":311,"column":12},"end":{"line":311,"column":18},"skip":true},"74":{"start":{"line":313,"column":8},"end":{"line":313,"column":54},"skip":true},"75":{"start":{"line":314,"column":8},"end":{"line":314,"column":69},"skip":true},"76":{"start":{"line":315,"column":8},"end":{"line":323,"column":36},"skip":true},"77":{"start":{"line":316,"column":12},"end":{"line":316,"column":61},"skip":true},"78":{"start":{"line":317,"column":12},"end":{"line":320,"column":13},"skip":true},"79":{"start":{"line":318,"column":16},"end":{"line":318,"column":75},"skip":true},"80":{"start":{"line":319,"column":16},"end":{"line":319,"column":23},"skip":true},"81":{"start":{"line":321,"column":12},"end":{"line":321,"column":38},"skip":true},"82":{"start":{"line":322,"column":12},"end":{"line":322,"column":27},"skip":true},"83":{"start":{"line":324,"column":8},"end":{"line":324,"column":14},"skip":true}},"branchMap":{"1":{"line":39,"type":"binary-expr","locations":[{"start":{"line":39,"column":23},"end":{"line":39,"column":62}},{"start":{"line":40,"column":20},"end":{"line":40,"column":70}},{"start":{"line":41,"column":20},"end":{"line":41,"column":71}},{"start":{"line":42,"column":20},"end":{"line":42,"column":29}}]},"2":{"line":44,"type":"binary-expr","locations":[{"start":{"line":44,"column":23},"end":{"line":44,"column":37}},{"start":{"line":45,"column":20},"end":{"line":45,"column":61}},{"start":{"line":46,"column":20},"end":{"line":46,"column":70}},{"start":{"line":47,"column":20},"end":{"line":47,"column":26}}]},"3":{"line":51,"type":"cond-expr","locations":[{"start":{"line":52,"column":14},"end":{"line":52,"column":20}},{"start":{"line":53,"column":14},"end":{"line":53,"column":20}}]},"4":{"line":55,"type":"binary-expr","locations":[{"start":{"line":55,"column":16},"end":{"line":55,"column":44}},{"start":{"line":55,"column":49},"end":{"line":57,"column":43}}]},"5":{"line":55,"type":"cond-expr","locations":[{"start":{"line":56,"column":14},"end":{"line":56,"column":57}},{"start":{"line":57,"column":14},"end":{"line":57,"column":43}}]},"6":{"line":61,"type":"switch","locations":[{"start":{"line":68,"column":4},"end":{"line":150,"column":14},"skip":true},{"start":{"line":156,"column":4},"end":{"line":324,"column":14},"skip":true}]},"7":{"line":70,"type":"if","locations":[{"start":{"line":70,"column":12},"end":{"line":70,"column":12},"skip":true},{"start":{"line":70,"column":12},"end":{"line":70,"column":12},"skip":true}]},"8":{"line":70,"type":"binary-expr","locations":[{"start":{"line":70,"column":16},"end":{"line":70,"column":22},"skip":true},{"start":{"line":70,"column":27},"end":{"line":70,"column":32},"skip":true},{"start":{"line":71,"column":20},"end":{"line":71,"column":39},"skip":true},{"start":{"line":72,"column":20},"end":{"line":72,"column":49},"skip":true},{"start":{"line":73,"column":20},"end":{"line":73,"column":58},"skip":true},{"start":{"line":74,"column":20},"end":{"line":74,"column":69},"skip":true}]},"9":{"line":79,"type":"switch","locations":[{"start":{"line":80,"column":20},"end":{"line":80,"column":33},"skip":true},{"start":{"line":81,"column":20},"end":{"line":83,"column":30},"skip":true},{"start":{"line":84,"column":20},"end":{"line":85,"column":49},"skip":true}]},"10":{"line":89,"type":"switch","locations":[{"start":{"line":90,"column":12},"end":{"line":103,"column":22},"skip":true},{"start":{"line":105,"column":12},"end":{"line":106,"column":22},"skip":true}]},"11":{"line":89,"type":"binary-expr","locations":[{"start":{"line":89,"column":20},"end":{"line":89,"column":25},"skip":true},{"start":{"line":89,"column":29},"end":{"line":89,"column":48},"skip":true},{"start":{"line":89,"column":52},"end":{"line":89,"column":74},"skip":true}]},"12":{"line":92,"type":"if","locations":[{"start":{"line":92,"column":16},"end":{"line":92,"column":16},"skip":true},{"start":{"line":92,"column":16},"end":{"line":92,"column":16},"skip":true}]},"13":{"line":108,"type":"if","locations":[{"start":{"line":108,"column":12},"end":{"line":108,"column":12},"skip":true},{"start":{"line":108,"column":12},"end":{"line":108,"column":12},"skip":true}]},"14":{"line":108,"type":"binary-expr","locations":[{"start":{"line":108,"column":16},"end":{"line":108,"column":61},"skip":true},{"start":{"line":108,"column":66},"end":{"line":108,"column":72},"skip":true},{"start":{"line":108,"column":77},"end":{"line":108,"column":82},"skip":true},{"start":{"line":109,"column":20},"end":{"line":109,"column":39},"skip":true},{"start":{"line":110,"column":20},"end":{"line":110,"column":49},"skip":true},{"start":{"line":111,"column":20},"end":{"line":111,"column":58},"skip":true},{"start":{"line":112,"column":20},"end":{"line":112,"column":68},"skip":true}]},"15":{"line":129,"type":"if","locations":[{"start":{"line":129,"column":16},"end":{"line":129,"column":16},"skip":true},{"start":{"line":129,"column":16},"end":{"line":129,"column":16},"skip":true}]},"16":{"line":134,"type":"cond-expr","locations":[{"start":{"line":135,"column":26},"end":{"line":135,"column":29},"skip":true},{"start":{"line":136,"column":26},"end":{"line":136,"column":54},"skip":true}]},"17":{"line":164,"type":"binary-expr","locations":[{"start":{"line":164,"column":27},"end":{"line":164,"column":43},"skip":true},{"start":{"line":164,"column":47},"end":{"line":164,"column":49},"skip":true}]},"18":{"line":258,"type":"if","locations":[{"start":{"line":258,"column":8},"end":{"line":258,"column":8},"skip":true},{"start":{"line":258,"column":8},"end":{"line":258,"column":8},"skip":true}]},"19":{"line":275,"type":"switch","locations":[{"start":{"line":276,"column":20},"end":{"line":277,"column":64},"skip":true},{"start":{"line":278,"column":20},"end":{"line":279,"column":40},"skip":true},{"start":{"line":280,"column":20},"end":{"line":281,"column":40},"skip":true},{"start":{"line":282,"column":20},"end":{"line":283,"column":39},"skip":true}]},"20":{"line":288,"type":"if","locations":[{"start":{"line":288,"column":8},"end":{"line":288,"column":8},"skip":true},{"start":{"line":288,"column":8},"end":{"line":288,"column":8},"skip":true}]},"21":{"line":288,"type":"binary-expr","locations":[{"start":{"line":288,"column":12},"end":{"line":288,"column":40},"skip":true},{"start":{"line":288,"column":44},"end":{"line":288,"column":67},"skip":true}]},"22":{"line":292,"type":"binary-expr","locations":[{"start":{"line":292,"column":12},"end":{"line":292,"column":50},"skip":true},{"start":{"line":293,"column":12},"end":{"line":293,"column":53},"skip":true}]},"23":{"line":297,"type":"binary-expr","locations":[{"start":{"line":297,"column":12},"end":{"line":297,"column":71},"skip":true},{"start":{"line":298,"column":12},"end":{"line":301,"column":36},"skip":true}]},"24":{"line":303,"type":"binary-expr","locations":[{"start":{"line":303,"column":43},"end":{"line":303,"column":75},"skip":true},{"start":{"line":303,"column":79},"end":{"line":303,"column":81},"skip":true}]},"25":{"line":306,"type":"if","locations":[{"start":{"line":306,"column":8},"end":{"line":306,"column":8},"skip":true},{"start":{"line":306,"column":8},"end":{"line":306,"column":8},"skip":true}]},"26":{"line":310,"type":"if","locations":[{"start":{"line":310,"column":8},"end":{"line":310,"column":8},"skip":true},{"start":{"line":310,"column":8},"end":{"line":310,"column":8},"skip":true}]},"27":{"line":313,"type":"binary-expr","locations":[{"start":{"line":313,"column":27},"end":{"line":313,"column":43},"skip":true},{"start":{"line":313,"column":47},"end":{"line":313,"column":53},"skip":true}]},"28":{"line":317,"type":"if","locations":[{"start":{"line":317,"column":12},"end":{"line":317,"column":12},"skip":true},{"start":{"line":317,"column":12},"end":{"line":317,"column":12},"skip":true}]}},"code":["/*","example.js","","quickstart example","","instruction","    1. save this script as example.js","    2. run the shell command:","        $ npm install npmtest-docxtemplater && PORT=8081 node example.js","    3. play with the browser-demo on http://127.0.0.1:8081","*/","","","","/* istanbul instrument in package npmtest_docxtemplater */","/*jslint","    bitwise: true,","    browser: true,","    maxerr: 8,","    maxlen: 96,","    node: true,","    nomen: true,","    regexp: true,","    stupid: true","*/","(function () {","    'use strict';","    var local;","","","","    // run shared js-env code - pre-init","    (function () {","        // init local","        local = {};","        // init modeJs","        local.modeJs = (function () {","            try {","                return typeof navigator.userAgent === 'string' &&","                    typeof document.querySelector('body') === 'object' &&","                    typeof XMLHttpRequest.prototype.open === 'function' &&","                    'browser';","            } catch (errorCaughtBrowser) {","                return module.exports &&","                    typeof process.versions.node === 'string' &&","                    typeof require('http').createServer === 'function' &&","                    'node';","            }","        }());","        // init global","        local.global = local.modeJs === 'browser'","            ? window","            : global;","        // init utility2_rollup","        local = local.global.utility2_rollup || (local.modeJs === 'browser'","            ? local.global.utility2_npmtest_docxtemplater","            : global.utility2_moduleExports);","        // export local","        local.global.local = local;","    }());","    switch (local.modeJs) {","","","","    // post-init","    // run browser js-env code - post-init","    /* istanbul ignore next */","    case 'browser':","        local.testRunBrowser = function (event) {","            if (!event || (event &&","                    event.currentTarget &&","                    event.currentTarget.className &&","                    event.currentTarget.className.includes &&","                    event.currentTarget.className.includes('onreset'))) {","                // reset output","                Array.from(","                    document.querySelectorAll('body > .resettable')","                ).forEach(function (element) {","                    switch (element.tagName) {","                    case 'INPUT':","                    case 'TEXTAREA':","                        element.value = '';","                        break;","                    default:","                        element.textContent = '';","                    }","                });","            }","            switch (event && event.currentTarget && event.currentTarget.id) {","            case 'testRunButton1':","                // show tests","                if (document.querySelector('#testReportDiv1').style.display === 'none') {","                    document.querySelector('#testReportDiv1').style.display = 'block';","                    document.querySelector('#testRunButton1').textContent =","                        'hide internal test';","                    local.modeTest = true;","                    local.testRunDefault(local);","                // hide tests","                } else {","                    document.querySelector('#testReportDiv1').style.display = 'none';","                    document.querySelector('#testRunButton1').textContent = 'run internal test';","                }","                break;","            // custom-case","            default:","                break;","            }","            if (document.querySelector('#inputTextareaEval1') && (!event || (event &&","                    event.currentTarget &&","                    event.currentTarget.className &&","                    event.currentTarget.className.includes &&","                    event.currentTarget.className.includes('oneval')))) {","                // try to eval input-code","                try {","                    /*jslint evil: true*/","                    eval(document.querySelector('#inputTextareaEval1').value);","                } catch (errorCaught) {","                    console.error(errorCaught);","                }","            }","        };","        // log stderr and stdout to #outputTextareaStdout1","        ['error', 'log'].forEach(function (key) {","            console[key + '_original'] = console[key];","            console[key] = function () {","                var element;","                console[key + '_original'].apply(console, arguments);","                element = document.querySelector('#outputTextareaStdout1');","                if (!element) {","                    return;","                }","                // append text to #outputTextareaStdout1","                element.value += Array.from(arguments).map(function (arg) {","                    return typeof arg === 'string'","                        ? arg","                        : JSON.stringify(arg, null, 4);","                }).join(' ') + '\\n';","                // scroll textarea to bottom","                element.scrollTop = element.scrollHeight;","            };","        });","        // init event-handling","        ['change', 'click', 'keyup'].forEach(function (event) {","            Array.from(document.querySelectorAll('.on' + event)).forEach(function (element) {","                element.addEventListener(event, local.testRunBrowser);","            });","        });","        // run tests","        local.testRunBrowser();","        break;","","","","    // run node js-env code - post-init","    /* istanbul ignore next */","    case 'node':","        // export local","        module.exports = local;","        // require modules","        local.fs = require('fs');","        local.http = require('http');","        local.url = require('url');","        // init assets","        local.assetsDict = local.assetsDict || {};","        /* jslint-ignore-begin */","        local.assetsDict['/assets.index.template.html'] = '\\","<!doctype html>\\n\\","<html lang=\"en\">\\n\\","<head>\\n\\","<meta charset=\"UTF-8\">\\n\\","<meta name=\"viewport\" content=\"width=device-width, initial-scale=1\">\\n\\","<title>{{env.npm_package_name}} (v{{env.npm_package_version}})</title>\\n\\","<style>\\n\\","/*csslint\\n\\","    box-sizing: false,\\n\\","    universal-selector: false\\n\\","*/\\n\\","* {\\n\\","    box-sizing: border-box;\\n\\","}\\n\\","body {\\n\\","    background: #dde;\\n\\","    font-family: Arial, Helvetica, sans-serif;\\n\\","    margin: 2rem;\\n\\","}\\n\\","body > * {\\n\\","    margin-bottom: 1rem;\\n\\","}\\n\\",".utility2FooterDiv {\\n\\","    margin-top: 20px;\\n\\","    text-align: center;\\n\\","}\\n\\","</style>\\n\\","<style>\\n\\","/*csslint\\n\\","*/\\n\\","textarea {\\n\\","    font-family: monospace;\\n\\","    height: 10rem;\\n\\","    width: 100%;\\n\\","}\\n\\","textarea[readonly] {\\n\\","    background: #ddd;\\n\\","}\\n\\","</style>\\n\\","</head>\\n\\","<body>\\n\\","<!-- utility2-comment\\n\\","<div id=\"ajaxProgressDiv1\" style=\"background: #d00; height: 2px; left: 0; margin: 0; padding: 0; position: fixed; top: 0; transition: background 0.5s, width 1.5s; width: 25%;\"></div>\\n\\","utility2-comment -->\\n\\","<h1>\\n\\","<!-- utility2-comment\\n\\","    <a\\n\\","        {{#if env.npm_package_homepage}}\\n\\","        href=\"{{env.npm_package_homepage}}\"\\n\\","        {{/if env.npm_package_homepage}}\\n\\","        target=\"_blank\"\\n\\","    >\\n\\","utility2-comment -->\\n\\","        {{env.npm_package_name}} (v{{env.npm_package_version}})\\n\\","<!-- utility2-comment\\n\\","    </a>\\n\\","utility2-comment -->\\n\\","</h1>\\n\\","<h3>{{env.npm_package_description}}</h3>\\n\\","<!-- utility2-comment\\n\\","<h4><a download href=\"assets.app.js\">download standalone app</a></h4>\\n\\","<button class=\"onclick onreset\" id=\"testRunButton1\">run internal test</button><br>\\n\\","<div id=\"testReportDiv1\" style=\"display: none;\"></div>\\n\\","utility2-comment -->\\n\\","\\n\\","\\n\\","\\n\\","<label>stderr and stdout</label>\\n\\","<textarea class=\"resettable\" id=\"outputTextareaStdout1\" readonly></textarea>\\n\\","<!-- utility2-comment\\n\\","{{#if isRollup}}\\n\\","<script src=\"assets.app.js\"></script>\\n\\","{{#unless isRollup}}\\n\\","utility2-comment -->\\n\\","<script src=\"assets.utility2.rollup.js\"></script>\\n\\","<script src=\"jsonp.utility2._stateInit?callback=window.utility2._stateInit\"></script>\\n\\","<script src=\"assets.npmtest_docxtemplater.rollup.js\"></script>\\n\\","<script src=\"assets.example.js\"></script>\\n\\","<script src=\"assets.test.js\"></script>\\n\\","<!-- utility2-comment\\n\\","{{/if isRollup}}\\n\\","utility2-comment -->\\n\\","<div class=\"utility2FooterDiv\">\\n\\","    [ this app was created with\\n\\","    <a href=\"https://github.com/kaizhu256/node-utility2\" target=\"_blank\">utility2</a>\\n\\","    ]\\n\\","</div>\\n\\","</body>\\n\\","</html>\\n\\","';","        /* jslint-ignore-end */","        if (local.templateRender) {","            local.assetsDict['/'] = local.templateRender(","                local.assetsDict['/assets.index.template.html'],","                {","                    env: local.objectSetDefault(local.env, {","                        npm_package_description: 'the greatest app in the world!',","                        npm_package_name: 'my-app',","                        npm_package_nameAlias: 'my_app',","                        npm_package_version: '0.0.1'","                    })","                }","            );","        } else {","            local.assetsDict['/'] = local.assetsDict['/assets.index.template.html']","                .replace((/\\{\\{env\\.(\\w+?)\\}\\}/g), function (match0, match1) {","                    // jslint-hack","                    String(match0);","                    switch (match1) {","                    case 'npm_package_description':","                        return 'the greatest app in the world!';","                    case 'npm_package_name':","                        return 'my-app';","                    case 'npm_package_nameAlias':","                        return 'my_app';","                    case 'npm_package_version':","                        return '0.0.1';","                    }","                });","        }","        // run the cli","        if (local.global.utility2_rollup || module !== require.main) {","            break;","        }","        local.assetsDict['/assets.example.js'] =","            local.assetsDict['/assets.example.js'] ||","            local.fs.readFileSync(__filename, 'utf8');","        // bug-workaround - long $npm_package_buildCustomOrg","        /* jslint-ignore-begin */","        local.assetsDict['/assets.npmtest_docxtemplater.rollup.js'] =","            local.assetsDict['/assets.npmtest_docxtemplater.rollup.js'] ||","            local.fs.readFileSync(","                local.npmtest_docxtemplater.__dirname + '/lib.npmtest_docxtemplater.js',","                'utf8'","            ).replace((/^#!/), '//');","        /* jslint-ignore-end */","        local.assetsDict['/favicon.ico'] = local.assetsDict['/favicon.ico'] || '';","        // if $npm_config_timeout_exit exists,","        // then exit this process after $npm_config_timeout_exit ms","        if (Number(process.env.npm_config_timeout_exit)) {","            setTimeout(process.exit, Number(process.env.npm_config_timeout_exit));","        }","        // start server","        if (local.global.utility2_serverHttp1) {","            break;","        }","        process.env.PORT = process.env.PORT || '8081';","        console.error('server starting on port ' + process.env.PORT);","        local.http.createServer(function (request, response) {","            request.urlParsed = local.url.parse(request.url);","            if (local.assetsDict[request.urlParsed.pathname] !== undefined) {","                response.end(local.assetsDict[request.urlParsed.pathname]);","                return;","            }","            response.statusCode = 404;","            response.end();","        }).listen(process.env.PORT);","        break;","    }","}());",""],"l":{"26":2,"28":2,"33":2,"35":2,"37":2,"38":2,"39":2,"44":1,"51":2,"55":2,"59":2,"61":2,"69":1,"70":2,"76":2,"79":2,"82":2,"83":2,"85":1,"89":2,"92":1,"93":1,"94":1,"96":1,"97":1,"100":1,"101":1,"103":1,"106":1,"108":2,"114":1,"116":1,"118":1,"123":1,"124":2,"125":2,"126":3,"127":3,"128":3,"129":3,"130":1,"133":3,"134":3,"139":3,"143":1,"144":3,"145":1,"149":1,"150":1,"158":1,"160":1,"161":1,"162":1,"164":1,"166":1,"258":1,"259":1,"271":1,"274":6,"275":6,"277":1,"279":2,"281":1,"283":2,"288":1,"289":1,"291":1,"296":1,"303":1,"306":1,"307":1,"310":1,"311":1,"313":1,"314":1,"315":1,"316":1,"317":1,"318":1,"319":1,"321":1,"322":1,"324":1}},"/home/travis/build/npmtest/node-npmtest-docxtemplater/node_modules/docxtemplater/js/docxtemplater.js":{"path":"/home/travis/build/npmtest/node-npmtest-docxtemplater/node_modules/docxtemplater/js/docxtemplater.js","s":{"1":1,"2":1,"3":1,"4":13,"5":13,"6":13,"7":13,"8":13,"9":13,"10":1,"11":1,"12":1,"13":1,"14":0,"15":1,"16":1,"17":0,"18":0,"19":1,"20":1,"21":1,"22":1,"23":1,"24":1,"25":0,"26":0,"27":0,"28":0,"29":0,"30":0,"31":1,"32":0,"33":0,"34":0,"35":0,"36":0,"37":0,"38":0,"39":0,"40":0,"41":0,"42":0,"43":0,"44":0,"45":0,"46":0,"47":0,"48":0,"49":0,"50":0,"51":0,"52":0,"53":0,"54":0,"55":0,"56":0,"57":0,"58":0,"59":0,"60":0,"61":0,"62":0,"63":0,"64":0,"65":0,"66":0,"67":0,"68":0,"69":0,"70":0,"71":0,"72":0,"73":0,"74":0,"75":0,"76":0,"77":0,"78":0,"79":0,"80":0,"81":0,"82":0,"83":0,"84":0,"85":0,"86":0,"87":0,"88":0,"89":0,"90":0,"91":0,"92":0,"93":0,"94":0,"95":0,"96":0,"97":0,"98":0,"99":0,"100":0,"101":0,"102":1,"103":1,"104":1,"105":1,"106":1,"107":1,"108":1},"b":{"1":[13,13],"2":[13,0],"3":[1,0],"4":[0,1],"5":[0,0],"6":[0,0],"7":[0,0],"8":[0,0],"9":[0,0],"10":[0,0],"11":[0,0],"12":[0,0],"13":[0,0]},"f":{"1":1,"2":1,"3":1,"4":0,"5":1,"6":0,"7":0,"8":0,"9":0,"10":0,"11":0,"12":0,"13":0,"14":0,"15":0,"16":0,"17":0,"18":0,"19":0,"20":0,"21":0,"22":0,"23":0,"24":0,"25":0,"26":0,"27":0,"28":0,"29":0,"30":0},"fnMap":{"1":{"name":"(anonymous_1)","line":3,"loc":{"start":{"line":3,"column":19},"end":{"line":3,"column":31}}},"2":{"name":"defineProperties","line":3,"loc":{"start":{"line":3,"column":33},"end":{"line":3,"column":74}}},"3":{"name":"(anonymous_3)","line":3,"loc":{"start":{"line":3,"column":357},"end":{"line":3,"column":405}}},"4":{"name":"_classCallCheck","line":5,"loc":{"start":{"line":5,"column":0},"end":{"line":5,"column":48}}},"5":{"name":"(anonymous_5)","line":12,"loc":{"start":{"line":12,"column":20},"end":{"line":12,"column":32}}},"6":{"name":"Docxtemplater","line":13,"loc":{"start":{"line":13,"column":1},"end":{"line":13,"column":26}}},"7":{"name":"attachModule","line":26,"loc":{"start":{"line":26,"column":9},"end":{"line":26,"column":39}}},"8":{"name":"setOptions","line":32,"loc":{"start":{"line":32,"column":9},"end":{"line":32,"column":38}}},"9":{"name":"(anonymous_9)","line":36,"loc":{"start":{"line":36,"column":42},"end":{"line":36,"column":57}}},"10":{"name":"loadZip","line":47,"loc":{"start":{"line":47,"column":9},"end":{"line":47,"column":31}}},"11":{"name":"compileFile","line":57,"loc":{"start":{"line":57,"column":9},"end":{"line":57,"column":40}}},"12":{"name":"compile","line":64,"loc":{"start":{"line":64,"column":9},"end":{"line":64,"column":28}}},"13":{"name":"updateFileTypeConfig","line":70,"loc":{"start":{"line":70,"column":9},"end":{"line":70,"column":41}}},"14":{"name":"render","line":77,"loc":{"start":{"line":77,"column":9},"end":{"line":77,"column":27}}},"15":{"name":"(anonymous_15)","line":81,"loc":{"start":{"line":81,"column":54},"end":{"line":81,"column":80}}},"16":{"name":"(anonymous_16)","line":84,"loc":{"start":{"line":84,"column":38},"end":{"line":84,"column":65}}},"17":{"name":"(anonymous_17)","line":87,"loc":{"start":{"line":87,"column":56},"end":{"line":87,"column":90}}},"18":{"name":"(anonymous_18)","line":92,"loc":{"start":{"line":92,"column":24},"end":{"line":92,"column":42}}},"19":{"name":"(anonymous_19)","line":97,"loc":{"start":{"line":97,"column":24},"end":{"line":97,"column":42}}},"20":{"name":"(anonymous_20)","line":102,"loc":{"start":{"line":102,"column":31},"end":{"line":102,"column":51}}},"21":{"name":"(anonymous_21)","line":108,"loc":{"start":{"line":108,"column":37},"end":{"line":108,"column":62}}},"22":{"name":"(anonymous_22)","line":112,"loc":{"start":{"line":112,"column":36},"end":{"line":112,"column":50}}},"23":{"name":"(anonymous_23)","line":121,"loc":{"start":{"line":121,"column":42},"end":{"line":121,"column":62}}},"24":{"name":"setData","line":130,"loc":{"start":{"line":130,"column":9},"end":{"line":130,"column":32}}},"25":{"name":"getZip","line":136,"loc":{"start":{"line":136,"column":9},"end":{"line":136,"column":27}}},"26":{"name":"createTemplateClass","line":141,"loc":{"start":{"line":141,"column":9},"end":{"line":141,"column":44}}},"27":{"name":"createTemplateClassFromContent","line":147,"loc":{"start":{"line":147,"column":9},"end":{"line":147,"column":68}}},"28":{"name":"(anonymous_28)","line":153,"loc":{"start":{"line":153,"column":42},"end":{"line":153,"column":57}}},"29":{"name":"getFullText","line":162,"loc":{"start":{"line":162,"column":9},"end":{"line":162,"column":36}}},"30":{"name":"getTemplatedFiles","line":167,"loc":{"start":{"line":167,"column":9},"end":{"line":167,"column":38}}}},"statementMap":{"1":{"start":{"line":3,"column":0},"end":{"line":3,"column":564}},"2":{"start":{"line":3,"column":33},"end":{"line":3,"column":349}},"3":{"start":{"line":3,"column":76},"end":{"line":3,"column":347}},"4":{"start":{"line":3,"column":117},"end":{"line":3,"column":143}},"5":{"start":{"line":3,"column":144},"end":{"line":3,"column":199}},"6":{"start":{"line":3,"column":200},"end":{"line":3,"column":231}},"7":{"start":{"line":3,"column":232},"end":{"line":3,"column":286}},"8":{"start":{"line":3,"column":259},"end":{"line":3,"column":286}},"9":{"start":{"line":3,"column":287},"end":{"line":3,"column":345}},"10":{"start":{"line":3,"column":350},"end":{"line":3,"column":559}},"11":{"start":{"line":3,"column":407},"end":{"line":3,"column":475}},"12":{"start":{"line":3,"column":423},"end":{"line":3,"column":475}},"13":{"start":{"line":3,"column":476},"end":{"line":3,"column":536}},"14":{"start":{"line":3,"column":493},"end":{"line":3,"column":536}},"15":{"start":{"line":3,"column":537},"end":{"line":3,"column":556}},"16":{"start":{"line":5,"column":0},"end":{"line":5,"column":153}},"17":{"start":{"line":5,"column":50},"end":{"line":5,"column":151}},"18":{"start":{"line":5,"column":92},"end":{"line":5,"column":149}},"19":{"start":{"line":7,"column":0},"end":{"line":7,"column":38}},"20":{"start":{"line":8,"column":0},"end":{"line":8,"column":38}},"21":{"start":{"line":9,"column":0},"end":{"line":9,"column":53}},"22":{"start":{"line":10,"column":0},"end":{"line":10,"column":37}},"23":{"start":{"line":12,"column":0},"end":{"line":174,"column":4}},"24":{"start":{"line":13,"column":1},"end":{"line":22,"column":2}},"25":{"start":{"line":14,"column":2},"end":{"line":14,"column":39}},"26":{"start":{"line":16,"column":2},"end":{"line":18,"column":3}},"27":{"start":{"line":17,"column":3},"end":{"line":17,"column":126}},"28":{"start":{"line":19,"column":2},"end":{"line":19,"column":21}},"29":{"start":{"line":20,"column":2},"end":{"line":20,"column":20}},"30":{"start":{"line":21,"column":2},"end":{"line":21,"column":22}},"31":{"start":{"line":24,"column":1},"end":{"line":171,"column":5}},"32":{"start":{"line":27,"column":3},"end":{"line":27,"column":38}},"33":{"start":{"line":28,"column":3},"end":{"line":28,"column":15}},"34":{"start":{"line":33,"column":3},"end":{"line":33,"column":20}},"35":{"start":{"line":35,"column":3},"end":{"line":35,"column":26}},"36":{"start":{"line":36,"column":3},"end":{"line":39,"column":6}},"37":{"start":{"line":37,"column":4},"end":{"line":37,"column":46}},"38":{"start":{"line":38,"column":4},"end":{"line":38,"column":80}},"39":{"start":{"line":40,"column":3},"end":{"line":42,"column":4}},"40":{"start":{"line":41,"column":4},"end":{"line":41,"column":32}},"41":{"start":{"line":43,"column":3},"end":{"line":43,"column":15}},"42":{"start":{"line":48,"column":3},"end":{"line":50,"column":4}},"43":{"start":{"line":49,"column":4},"end":{"line":49,"column":85}},"44":{"start":{"line":51,"column":3},"end":{"line":51,"column":18}},"45":{"start":{"line":52,"column":3},"end":{"line":52,"column":31}},"46":{"start":{"line":53,"column":3},"end":{"line":53,"column":15}},"47":{"start":{"line":58,"column":3},"end":{"line":58,"column":56}},"48":{"start":{"line":59,"column":3},"end":{"line":59,"column":23}},"49":{"start":{"line":60,"column":3},"end":{"line":60,"column":41}},"50":{"start":{"line":65,"column":3},"end":{"line":65,"column":73}},"51":{"start":{"line":66,"column":3},"end":{"line":66,"column":15}},"52":{"start":{"line":71,"column":3},"end":{"line":71,"column":73}},"53":{"start":{"line":72,"column":3},"end":{"line":72,"column":100}},"54":{"start":{"line":73,"column":3},"end":{"line":73,"column":15}},"55":{"start":{"line":78,"column":3},"end":{"line":78,"column":21}},"56":{"start":{"line":80,"column":3},"end":{"line":80,"column":34}},"57":{"start":{"line":81,"column":3},"end":{"line":83,"column":27}},"58":{"start":{"line":82,"column":4},"end":{"line":82,"column":28}},"59":{"start":{"line":84,"column":3},"end":{"line":86,"column":20}},"60":{"start":{"line":85,"column":4},"end":{"line":85,"column":54}},"61":{"start":{"line":87,"column":3},"end":{"line":91,"column":10}},"62":{"start":{"line":88,"column":4},"end":{"line":88,"column":54}},"63":{"start":{"line":89,"column":4},"end":{"line":89,"column":55}},"64":{"start":{"line":90,"column":4},"end":{"line":90,"column":24}},"65":{"start":{"line":92,"column":3},"end":{"line":94,"column":6}},"66":{"start":{"line":93,"column":4},"end":{"line":93,"column":90}},"67":{"start":{"line":95,"column":3},"end":{"line":95,"column":18}},"68":{"start":{"line":97,"column":3},"end":{"line":99,"column":6}},"69":{"start":{"line":98,"column":4},"end":{"line":98,"column":46}},"70":{"start":{"line":102,"column":3},"end":{"line":106,"column":6}},"71":{"start":{"line":103,"column":4},"end":{"line":105,"column":5}},"72":{"start":{"line":104,"column":5},"end":{"line":104,"column":34}},"73":{"start":{"line":108,"column":3},"end":{"line":110,"column":10}},"74":{"start":{"line":109,"column":4},"end":{"line":109,"column":40}},"75":{"start":{"line":112,"column":3},"end":{"line":119,"column":6}},"76":{"start":{"line":113,"column":4},"end":{"line":113,"column":35}},"77":{"start":{"line":114,"column":4},"end":{"line":114,"column":27}},"78":{"start":{"line":115,"column":4},"end":{"line":115,"column":44}},"79":{"start":{"line":116,"column":4},"end":{"line":116,"column":37}},"80":{"start":{"line":117,"column":4},"end":{"line":117,"column":27}},"81":{"start":{"line":118,"column":4},"end":{"line":118,"column":45}},"82":{"start":{"line":121,"column":3},"end":{"line":125,"column":6}},"83":{"start":{"line":122,"column":4},"end":{"line":122,"column":32}},"84":{"start":{"line":123,"column":4},"end":{"line":123,"column":66}},"85":{"start":{"line":124,"column":4},"end":{"line":124,"column":50}},"86":{"start":{"line":126,"column":3},"end":{"line":126,"column":15}},"87":{"start":{"line":131,"column":3},"end":{"line":131,"column":20}},"88":{"start":{"line":132,"column":3},"end":{"line":132,"column":15}},"89":{"start":{"line":137,"column":3},"end":{"line":137,"column":19}},"90":{"start":{"line":142,"column":3},"end":{"line":142,"column":48}},"91":{"start":{"line":143,"column":3},"end":{"line":143,"column":62}},"92":{"start":{"line":148,"column":3},"end":{"line":148,"column":21}},"93":{"start":{"line":150,"column":3},"end":{"line":152,"column":5}},"94":{"start":{"line":153,"column":3},"end":{"line":155,"column":6}},"95":{"start":{"line":154,"column":4},"end":{"line":154,"column":35}},"96":{"start":{"line":156,"column":3},"end":{"line":156,"column":52}},"97":{"start":{"line":157,"column":3},"end":{"line":157,"column":38}},"98":{"start":{"line":158,"column":3},"end":{"line":158,"column":63}},"99":{"start":{"line":163,"column":3},"end":{"line":163,"column":87}},"100":{"start":{"line":168,"column":3},"end":{"line":168,"column":18}},"101":{"start":{"line":169,"column":3},"end":{"line":169,"column":30}},"102":{"start":{"line":173,"column":1},"end":{"line":173,"column":22}},"103":{"start":{"line":176,"column":0},"end":{"line":176,"column":48}},"104":{"start":{"line":177,"column":0},"end":{"line":177,"column":43}},"105":{"start":{"line":178,"column":0},"end":{"line":178,"column":56}},"106":{"start":{"line":179,"column":0},"end":{"line":179,"column":61}},"107":{"start":{"line":180,"column":0},"end":{"line":180,"column":52}},"108":{"start":{"line":181,"column":0},"end":{"line":181,"column":31}}},"branchMap":{"1":{"line":3,"type":"binary-expr","locations":[{"start":{"line":3,"column":168},"end":{"line":3,"column":189}},{"start":{"line":3,"column":193},"end":{"line":3,"column":198}}]},"2":{"line":3,"type":"if","locations":[{"start":{"line":3,"column":232},"end":{"line":3,"column":232}},{"start":{"line":3,"column":232},"end":{"line":3,"column":232}}]},"3":{"line":3,"type":"if","locations":[{"start":{"line":3,"column":407},"end":{"line":3,"column":407}},{"start":{"line":3,"column":407},"end":{"line":3,"column":407}}]},"4":{"line":3,"type":"if","locations":[{"start":{"line":3,"column":476},"end":{"line":3,"column":476}},{"start":{"line":3,"column":476},"end":{"line":3,"column":476}}]},"5":{"line":5,"type":"if","locations":[{"start":{"line":5,"column":50},"end":{"line":5,"column":50}},{"start":{"line":5,"column":50},"end":{"line":5,"column":50}}]},"6":{"line":16,"type":"if","locations":[{"start":{"line":16,"column":2},"end":{"line":16,"column":2}},{"start":{"line":16,"column":2},"end":{"line":16,"column":2}}]},"7":{"line":38,"type":"cond-expr","locations":[{"start":{"line":38,"column":46},"end":{"line":38,"column":64}},{"start":{"line":38,"column":67},"end":{"line":38,"column":79}}]},"8":{"line":40,"type":"if","locations":[{"start":{"line":40,"column":3},"end":{"line":40,"column":3}},{"start":{"line":40,"column":3},"end":{"line":40,"column":3}}]},"9":{"line":48,"type":"if","locations":[{"start":{"line":48,"column":3},"end":{"line":48,"column":3}},{"start":{"line":48,"column":3},"end":{"line":48,"column":3}}]},"10":{"line":71,"type":"cond-expr","locations":[{"start":{"line":71,"column":57},"end":{"line":71,"column":63}},{"start":{"line":71,"column":66},"end":{"line":71,"column":72}}]},"11":{"line":72,"type":"binary-expr","locations":[{"start":{"line":72,"column":25},"end":{"line":72,"column":52}},{"start":{"line":72,"column":56},"end":{"line":72,"column":99}}]},"12":{"line":103,"type":"if","locations":[{"start":{"line":103,"column":4},"end":{"line":103,"column":4}},{"start":{"line":103,"column":4},"end":{"line":103,"column":4}}]},"13":{"line":163,"type":"binary-expr","locations":[{"start":{"line":163,"column":35},"end":{"line":163,"column":39}},{"start":{"line":163,"column":43},"end":{"line":163,"column":71}}]}},"code":["\"use strict\";","","var _createClass = function () { function defineProperties(target, props) { for (var i = 0; i < props.length; i++) { var descriptor = props[i]; descriptor.enumerable = descriptor.enumerable || false; descriptor.configurable = true; if (\"value\" in descriptor) descriptor.writable = true; Object.defineProperty(target, descriptor.key, descriptor); } } return function (Constructor, protoProps, staticProps) { if (protoProps) defineProperties(Constructor.prototype, protoProps); if (staticProps) defineProperties(Constructor, staticProps); return Constructor; }; }();","","function _classCallCheck(instance, Constructor) { if (!(instance instanceof Constructor)) { throw new TypeError(\"Cannot call a class as a function\"); } }","","var DocUtils = require(\"./doc-utils\");","DocUtils.traits = require(\"./traits\");","DocUtils.moduleWrapper = require(\"./module-wrapper\");","var wrapper = DocUtils.moduleWrapper;","","var Docxtemplater = function () {","\tfunction Docxtemplater() {","\t\t_classCallCheck(this, Docxtemplater);","","\t\tif (arguments.length > 0) {","\t\t\tthrow new Error(\"The constructor with parameters have been removed in docxtemplater 3.0, please check the upgrade guide.\");","\t\t}","\t\tthis.compiled = {};","\t\tthis.modules = [];","\t\tthis.setOptions({});","\t}","","\t_createClass(Docxtemplater, [{","\t\tkey: \"attachModule\",","\t\tvalue: function attachModule(module) {","\t\t\tthis.modules.push(wrapper(module));","\t\t\treturn this;","\t\t}","\t}, {","\t\tkey: \"setOptions\",","\t\tvalue: function setOptions(options) {","\t\t\tvar _this = this;","","\t\t\tthis.options = options;","\t\t\tObject.keys(DocUtils.defaults).forEach(function (key) {","\t\t\t\tvar defaultValue = DocUtils.defaults[key];","\t\t\t\t_this[key] = _this.options[key] != null ? _this.options[key] : defaultValue;","\t\t\t});","\t\t\tif (this.zip) {","\t\t\t\tthis.updateFileTypeConfig();","\t\t\t}","\t\t\treturn this;","\t\t}","\t}, {","\t\tkey: \"loadZip\",","\t\tvalue: function loadZip(zip) {","\t\t\tif (zip.loadAsync) {","\t\t\t\tthrow new Error(\"Docxtemplater doesn't handle JSZip version >=3, see changelog\");","\t\t\t}","\t\t\tthis.zip = zip;","\t\t\tthis.updateFileTypeConfig();","\t\t\treturn this;","\t\t}","\t}, {","\t\tkey: \"compileFile\",","\t\tvalue: function compileFile(fileName) {","\t\t\tvar currentFile = this.createTemplateClass(fileName);","\t\t\tcurrentFile.parse();","\t\t\tthis.compiled[fileName] = currentFile;","\t\t}","\t}, {","\t\tkey: \"compile\",","\t\tvalue: function compile() {","\t\t\tthis.templatedFiles = this.fileTypeConfig.getTemplatedFiles(this.zip);","\t\t\treturn this;","\t\t}","\t}, {","\t\tkey: \"updateFileTypeConfig\",","\t\tvalue: function updateFileTypeConfig() {","\t\t\tthis.fileType = this.zip.files[\"word/document.xml\"] ? \"docx\" : \"pptx\";","\t\t\tthis.fileTypeConfig = this.options.fileTypeConfig || Docxtemplater.FileTypeConfig[this.fileType];","\t\t\treturn this;","\t\t}","\t}, {","\t\tkey: \"render\",","\t\tvalue: function render() {","\t\t\tvar _this2 = this;","","\t\t\tthis.options.xmlFileNames = [];","\t\t\tthis.modules = this.fileTypeConfig.baseModules.map(function (moduleFunction) {","\t\t\t\treturn moduleFunction();","\t\t\t}).concat(this.modules);","\t\t\tthis.options = this.modules.reduce(function (options, module) {","\t\t\t\treturn module.optionsTransformer(options, _this2);","\t\t\t}, this.options);","\t\t\tthis.xmlDocuments = this.options.xmlFileNames.reduce(function (xmlDocuments, fileName) {","\t\t\t\tvar content = _this2.zip.files[fileName].asText();","\t\t\t\txmlDocuments[fileName] = DocUtils.str2xml(content);","\t\t\t\treturn xmlDocuments;","\t\t\t}, {});","\t\t\tthis.modules.forEach(function (module) {","\t\t\t\tmodule.set({ zip: _this2.zip, xmlDocuments: _this2.xmlDocuments, data: _this2.data });","\t\t\t});","\t\t\tthis.compile();","","\t\t\tthis.modules.forEach(function (module) {","\t\t\t\tmodule.set({ compiled: _this2.compiled });","\t\t\t});","\t\t\t// Loop inside all templatedFiles (ie xml files with content).","\t\t\t// Sometimes they don't exist (footer.xml for example)","\t\t\tthis.templatedFiles.forEach(function (fileName) {","\t\t\t\tif (_this2.zip.files[fileName] != null) {","\t\t\t\t\t_this2.compileFile(fileName);","\t\t\t\t}","\t\t\t});","","\t\t\tthis.mapper = this.modules.reduce(function (value, module) {","\t\t\t\treturn module.getRenderedMap(value);","\t\t\t}, {});","","\t\t\tObject.keys(this.mapper).forEach(function (to) {","\t\t\t\tvar mapped = _this2.mapper[to];","\t\t\t\tvar from = mapped.from;","\t\t\t\tvar currentFile = _this2.compiled[from];","\t\t\t\tcurrentFile.setTags(mapped.data);","\t\t\t\tcurrentFile.render(to);","\t\t\t\t_this2.zip.file(to, currentFile.content);","\t\t\t});","","\t\t\tObject.keys(this.xmlDocuments).forEach(function (fileName) {","\t\t\t\t_this2.zip.remove(fileName);","\t\t\t\tvar content = DocUtils.xml2str(_this2.xmlDocuments[fileName]);","\t\t\t\treturn _this2.zip.file(fileName, content, {});","\t\t\t});","\t\t\treturn this;","\t\t}","\t}, {","\t\tkey: \"setData\",","\t\tvalue: function setData(data) {","\t\t\tthis.data = data;","\t\t\treturn this;","\t\t}","\t}, {","\t\tkey: \"getZip\",","\t\tvalue: function getZip() {","\t\t\treturn this.zip;","\t\t}","\t}, {","\t\tkey: \"createTemplateClass\",","\t\tvalue: function createTemplateClass(path) {","\t\t\tvar usedData = this.zip.files[path].asText();","\t\t\treturn this.createTemplateClassFromContent(usedData, path);","\t\t}","\t}, {","\t\tkey: \"createTemplateClassFromContent\",","\t\tvalue: function createTemplateClassFromContent(content, filePath) {","\t\t\tvar _this3 = this;","","\t\t\tvar xmltOptions = {","\t\t\t\tfilePath: filePath","\t\t\t};","\t\t\tObject.keys(DocUtils.defaults).forEach(function (key) {","\t\t\t\txmltOptions[key] = _this3[key];","\t\t\t});","\t\t\txmltOptions.fileTypeConfig = this.fileTypeConfig;","\t\t\txmltOptions.modules = this.modules;","\t\t\treturn new Docxtemplater.XmlTemplater(content, xmltOptions);","\t\t}","\t}, {","\t\tkey: \"getFullText\",","\t\tvalue: function getFullText(path) {","\t\t\treturn this.createTemplateClass(path || this.fileTypeConfig.textPath).getFullText();","\t\t}","\t}, {","\t\tkey: \"getTemplatedFiles\",","\t\tvalue: function getTemplatedFiles() {","\t\t\tthis.compile();","\t\t\treturn this.templatedFiles;","\t\t}","\t}]);","","\treturn Docxtemplater;","}();","","Docxtemplater.DocUtils = require(\"./doc-utils\");","Docxtemplater.Errors = require(\"./errors\");","Docxtemplater.XmlTemplater = require(\"./xml-templater\");","Docxtemplater.FileTypeConfig = require(\"./file-type-config\");","Docxtemplater.XmlMatcher = require(\"./xml-matcher\");","module.exports = Docxtemplater;"],"l":{"3":13,"5":1,"7":1,"8":1,"9":1,"10":1,"12":1,"13":1,"14":0,"16":0,"17":0,"19":0,"20":0,"21":0,"24":1,"27":0,"28":0,"33":0,"35":0,"36":0,"37":0,"38":0,"40":0,"41":0,"43":0,"48":0,"49":0,"51":0,"52":0,"53":0,"58":0,"59":0,"60":0,"65":0,"66":0,"71":0,"72":0,"73":0,"78":0,"80":0,"81":0,"82":0,"84":0,"85":0,"87":0,"88":0,"89":0,"90":0,"92":0,"93":0,"95":0,"97":0,"98":0,"102":0,"103":0,"104":0,"108":0,"109":0,"112":0,"113":0,"114":0,"115":0,"116":0,"117":0,"118":0,"121":0,"122":0,"123":0,"124":0,"126":0,"131":0,"132":0,"137":0,"142":0,"143":0,"148":0,"150":0,"153":0,"154":0,"156":0,"157":0,"158":0,"163":0,"168":0,"169":0,"173":1,"176":1,"177":1,"178":1,"179":1,"180":1,"181":1}},"/home/travis/build/npmtest/node-npmtest-docxtemplater/node_modules/docxtemplater/js/doc-utils.js":{"path":"/home/travis/build/npmtest/node-npmtest-docxtemplater/node_modules/docxtemplater/js/doc-utils.js","s":{"1":1,"2":0,"3":0,"4":0,"5":0,"6":1,"7":1,"8":1,"9":1,"10":1,"11":1,"12":0,"13":0,"14":0,"15":0,"16":1,"17":0,"18":0,"19":0,"20":0,"21":0,"22":1,"23":0,"24":0,"25":0,"26":0,"27":0,"28":0,"29":0,"30":0,"31":1,"32":0,"33":0,"34":1,"35":0,"36":0,"37":0,"38":0,"39":0,"40":0,"41":0,"42":0,"43":1,"44":0,"45":1,"46":0,"47":0,"48":1,"49":1,"50":1,"51":8,"52":1,"53":4,"54":4,"55":1,"56":0,"57":0,"58":0,"59":0,"60":0,"61":1,"62":0,"63":0,"64":0,"65":0,"66":0,"67":0,"68":0,"69":1,"70":0,"71":1,"72":0,"73":0,"74":0,"75":1,"76":1,"77":0,"78":1,"79":0,"80":0,"81":0,"82":0,"83":0,"84":1,"85":0,"86":1,"87":0,"88":0,"89":0,"90":1,"91":0,"92":0,"93":0,"94":0,"95":0,"96":1,"97":0,"98":0,"99":0,"100":0,"101":0,"102":1},"b":{"1":[0,0],"2":[0,0],"3":[0,0],"4":[0,0],"5":[0,0],"6":[0,0],"7":[0,0],"8":[0,0],"9":[0,0]},"f":{"1":0,"2":0,"3":0,"4":0,"5":0,"6":0,"7":0,"8":0,"9":0,"10":8,"11":4,"12":0,"13":0,"14":0,"15":0,"16":0,"17":0,"18":0,"19":0,"20":0,"21":0,"22":0},"fnMap":{"1":{"name":"_defineProperty","line":3,"loc":{"start":{"line":3,"column":0},"end":{"line":3,"column":42}}},"2":{"name":"parser","line":12,"loc":{"start":{"line":12,"column":0},"end":{"line":12,"column":21}}},"3":{"name":"get","line":13,"loc":{"start":{"line":13,"column":35},"end":{"line":13,"column":55}}},"4":{"name":"nullGetter","line":22,"loc":{"start":{"line":22,"column":13},"end":{"line":22,"column":39}}},"5":{"name":"(anonymous_5)","line":39,"loc":{"start":{"line":39,"column":24},"end":{"line":39,"column":36}}},"6":{"name":"(anonymous_6)","line":53,"loc":{"start":{"line":53,"column":19},"end":{"line":53,"column":38}}},"7":{"name":"(anonymous_7)","line":58,"loc":{"start":{"line":58,"column":22},"end":{"line":58,"column":35}}},"8":{"name":"(anonymous_8)","line":73,"loc":{"start":{"line":73,"column":22},"end":{"line":73,"column":35}}},"9":{"name":"(anonymous_9)","line":77,"loc":{"start":{"line":77,"column":19},"end":{"line":77,"column":48}}},"10":{"name":"(anonymous_10)","line":90,"loc":{"start":{"line":90,"column":24},"end":{"line":90,"column":39}}},"11":{"name":"(anonymous_11)","line":94,"loc":{"start":{"line":94,"column":60},"end":{"line":94,"column":79}}},"12":{"name":"(anonymous_12)","line":104,"loc":{"start":{"line":104,"column":22},"end":{"line":104,"column":40}}},"13":{"name":"(anonymous_13)","line":113,"loc":{"start":{"line":113,"column":22},"end":{"line":113,"column":40}}},"14":{"name":"(anonymous_14)","line":125,"loc":{"start":{"line":125,"column":21},"end":{"line":125,"column":36}}},"15":{"name":"(anonymous_15)","line":129,"loc":{"start":{"line":129,"column":24},"end":{"line":129,"column":42}}},"16":{"name":"(anonymous_16)","line":130,"loc":{"start":{"line":130,"column":22},"end":{"line":130,"column":47}}},"17":{"name":"(anonymous_17)","line":137,"loc":{"start":{"line":137,"column":25},"end":{"line":137,"column":38}}},"18":{"name":"(anonymous_18)","line":141,"loc":{"start":{"line":141,"column":24},"end":{"line":141,"column":50}}},"19":{"name":"(anonymous_19)","line":155,"loc":{"start":{"line":155,"column":24},"end":{"line":155,"column":39}}},"20":{"name":"throwXmlTagNotFound","line":159,"loc":{"start":{"line":159,"column":0},"end":{"line":159,"column":38}}},"21":{"name":"(anonymous_21)","line":171,"loc":{"start":{"line":171,"column":20},"end":{"line":171,"column":54}}},"22":{"name":"(anonymous_22)","line":181,"loc":{"start":{"line":181,"column":19},"end":{"line":181,"column":53}}}},"statementMap":{"1":{"start":{"line":3,"column":0},"end":{"line":3,"column":209}},"2":{"start":{"line":3,"column":44},"end":{"line":3,"column":195}},"3":{"start":{"line":3,"column":62},"end":{"line":3,"column":166}},"4":{"start":{"line":3,"column":176},"end":{"line":3,"column":193}},"5":{"start":{"line":3,"column":196},"end":{"line":3,"column":207}},"6":{"start":{"line":5,"column":0},"end":{"line":5,"column":35}},"7":{"start":{"line":6,"column":0},"end":{"line":6,"column":44}},"8":{"start":{"line":7,"column":0},"end":{"line":7,"column":52}},"9":{"start":{"line":8,"column":0},"end":{"line":8,"column":33}},"10":{"start":{"line":10,"column":0},"end":{"line":10,"column":18}},"11":{"start":{"line":12,"column":0},"end":{"line":19,"column":1}},"12":{"start":{"line":13,"column":1},"end":{"line":18,"column":4}},"13":{"start":{"line":14,"column":2},"end":{"line":16,"column":3}},"14":{"start":{"line":15,"column":3},"end":{"line":15,"column":16}},"15":{"start":{"line":17,"column":2},"end":{"line":17,"column":20}},"16":{"start":{"line":21,"column":0},"end":{"line":37,"column":2}},"17":{"start":{"line":23,"column":2},"end":{"line":25,"column":3}},"18":{"start":{"line":24,"column":3},"end":{"line":24,"column":22}},"19":{"start":{"line":26,"column":2},"end":{"line":28,"column":3}},"20":{"start":{"line":27,"column":3},"end":{"line":27,"column":13}},"21":{"start":{"line":29,"column":2},"end":{"line":29,"column":12}},"22":{"start":{"line":39,"column":0},"end":{"line":51,"column":2}},"23":{"start":{"line":40,"column":1},"end":{"line":40,"column":17}},"24":{"start":{"line":41,"column":1},"end":{"line":42,"column":19}},"25":{"start":{"line":43,"column":1},"end":{"line":49,"column":2}},"26":{"start":{"line":44,"column":2},"end":{"line":44,"column":21}},"27":{"start":{"line":45,"column":2},"end":{"line":45,"column":26}},"28":{"start":{"line":46,"column":2},"end":{"line":48,"column":3}},"29":{"start":{"line":47,"column":3},"end":{"line":47,"column":34}},"30":{"start":{"line":50,"column":1},"end":{"line":50,"column":15}},"31":{"start":{"line":53,"column":0},"end":{"line":56,"column":2}},"32":{"start":{"line":54,"column":1},"end":{"line":54,"column":29}},"33":{"start":{"line":55,"column":1},"end":{"line":55,"column":37}},"34":{"start":{"line":58,"column":0},"end":{"line":71,"column":2}},"35":{"start":{"line":59,"column":1},"end":{"line":70,"column":2}},"36":{"start":{"line":60,"column":2},"end":{"line":62,"column":3}},"37":{"start":{"line":61,"column":3},"end":{"line":61,"column":20}},"38":{"start":{"line":64,"column":2},"end":{"line":64,"column":63}},"39":{"start":{"line":66,"column":2},"end":{"line":66,"column":29}},"40":{"start":{"line":67,"column":2},"end":{"line":67,"column":26}},"41":{"start":{"line":68,"column":2},"end":{"line":68,"column":65}},"42":{"start":{"line":69,"column":2},"end":{"line":69,"column":12}},"43":{"start":{"line":73,"column":0},"end":{"line":75,"column":2}},"44":{"start":{"line":74,"column":1},"end":{"line":74,"column":40}},"45":{"start":{"line":77,"column":0},"end":{"line":80,"column":2}},"46":{"start":{"line":78,"column":1},"end":{"line":78,"column":60}},"47":{"start":{"line":79,"column":1},"end":{"line":79,"column":48}},"48":{"start":{"line":82,"column":0},"end":{"line":87,"column":2}},"49":{"start":{"line":89,"column":0},"end":{"line":89,"column":61}},"50":{"start":{"line":90,"column":0},"end":{"line":92,"column":2}},"51":{"start":{"line":91,"column":1},"end":{"line":91,"column":46}},"52":{"start":{"line":94,"column":0},"end":{"line":102,"column":3}},"53":{"start":{"line":95,"column":1},"end":{"line":95,"column":43}},"54":{"start":{"line":96,"column":1},"end":{"line":101,"column":3}},"55":{"start":{"line":104,"column":0},"end":{"line":111,"column":2}},"56":{"start":{"line":105,"column":1},"end":{"line":105,"column":16}},"57":{"start":{"line":106,"column":1},"end":{"line":109,"column":2}},"58":{"start":{"line":107,"column":2},"end":{"line":107,"column":33}},"59":{"start":{"line":108,"column":2},"end":{"line":108,"column":43}},"60":{"start":{"line":110,"column":1},"end":{"line":110,"column":15}},"61":{"start":{"line":113,"column":0},"end":{"line":123,"column":2}},"62":{"start":{"line":114,"column":1},"end":{"line":116,"column":2}},"63":{"start":{"line":115,"column":2},"end":{"line":115,"column":29}},"64":{"start":{"line":117,"column":1},"end":{"line":117,"column":16}},"65":{"start":{"line":118,"column":1},"end":{"line":121,"column":2}},"66":{"start":{"line":119,"column":2},"end":{"line":119,"column":33}},"67":{"start":{"line"
[...]
ray.length;","\t}, 0);","\tarrays = arrays.filter(function (array) {","\t\treturn array.length > 0;","\t});","","\tvar resultArray = new Array(totalLength);","","\tvar state = arrays.map(function () {","\t\treturn 0;","\t});","","\tvar i = 0;","","\twhile (i <= totalLength - 1) {","\t\tvar arrayIndex = getMinFromArrays(arrays, state);","\t\tresultArray[i] = arrays[arrayIndex][state[arrayIndex]];","\t\tstate[arrayIndex]++;","\t\ti++;","\t}","","\treturn resultArray;","};"],"l":{"3":1,"4":0,"5":0,"6":0,"7":0,"9":0,"10":0,"13":0,"14":0,"16":0,"19":1,"20":0,"21":0,"23":0,"24":0,"27":0,"29":0,"30":0,"33":0,"35":0,"36":0,"37":0,"38":0,"39":0,"42":0}},"/home/travis/build/npmtest/node-npmtest-docxtemplater/node_modules/docxtemplater/js/modules/render.js":{"path":"/home/travis/build/npmtest/node-npmtest-docxtemplater/node_modules/docxtemplater/js/modules/render.js","s":{"1":1,"2":1,"3":1,"4":2,"5":2,"6":2,"7":2,"8":2,"9":2,"10":1,"11":1,"12":1,"13":1,"14":0,"15":1,"16":1,"17":0,"18":0,"19":1,"20":1,"21":1,"22":0,"23":0,"24":1,"25":0,"26":0,"27":0,"28":0,"29":0,"30":0,"31":0,"32":0,"33":1,"34":1,"35":0},"b":{"1":[2,2],"2":[2,0],"3":[1,0],"4":[0,1],"5":[0,0],"6":[0,0],"7":[0,0]},"f":{"1":1,"2":1,"3":1,"4":0,"5":1,"6":0,"7":0,"8":0,"9":0,"10":0},"fnMap":{"1":{"name":"(anonymous_1)","line":3,"loc":{"start":{"line":3,"column":19},"end":{"line":3,"column":31}}},"2":{"name":"defineProperties","line":3,"loc":{"start":{"line":3,"column":33},"end":{"line":3,"column":74}}},"3":{"name":"(anonymous_3)","line":3,"loc":{"start":{"line":3,"column":357},"end":{"line":3,"column":405}}},"4":{"name":"_classCallCheck","line":5,"loc":{"start":{"line":5,"column":0},"end":{"line":5,"column":48}}},"5":{"name":"(anonymous_5)","line":9,"loc":{"start":{"line":9,"column":13},"end":{"line":9,"column":25}}},"6":{"name":"Render","line":10,"loc":{"start":{"line":10,"column":1},"end":{"line":10,"column":19}}},"7":{"name":"set","line":18,"loc":{"start":{"line":18,"column":9},"end":{"line":18,"column":27}}},"8":{"name":"getRenderedMap","line":28,"loc":{"start":{"line":28,"column":9},"end":{"line":28,"column":41}}},"9":{"name":"(anonymous_9)","line":31,"loc":{"start":{"line":31,"column":44},"end":{"line":31,"column":68}}},"10":{"name":"(anonymous_10)","line":41,"loc":{"start":{"line":41,"column":17},"end":{"line":41,"column":29}}}},"statementMap":{"1":{"start":{"line":3,"column":0},"end":{"line":3,"column":564}},"2":{"start":{"line":3,"column":33},"end":{"line":3,"column":349}},"3":{"start":{"line":3,"column":76},"end":{"line":3,"column":347}},"4":{"start":{"line":3,"column":117},"end":{"line":3,"column":143}},"5":{"start":{"line":3,"column":144},"end":{"line":3,"column":199}},"6":{"start":{"line":3,"column":200},"end":{"line":3,"column":231}},"7":{"start":{"line":3,"column":232},"end":{"line":3,"column":286}},"8":{"start":{"line":3,"column":259},"end":{"line":3,"column":286}},"9":{"start":{"line":3,"column":287},"end":{"line":3,"column":345}},"10":{"start":{"line":3,"column":350},"end":{"line":3,"column":559}},"11":{"start":{"line":3,"column":407},"end":{"line":3,"column":475}},"12":{"start":{"line":3,"column":423},"end":{"line":3,"column":475}},"13":{"start":{"line":3,"column":476},"end":{"line":3,"column":536}},"14":{"start":{"line":3,"column":493},"end":{"line":3,"column":536}},"15":{"start":{"line":3,"column":537},"end":{"line":3,"column":556}},"16":{"start":{"line":5,"column":0},"end":{"line":5,"column":153}},"17":{"start":{"line":5,"column":50},"end":{"line":5,"column":151}},"18":{"start":{"line":5,"column":92},"end":{"line":5,"column":149}},"19":{"start":{"line":7,"column":0},"end":{"line":7,"column":43}},"20":{"start":{"line":9,"column":0},"end":{"line":39,"column":4}},"21":{"start":{"line":10,"column":1},"end":{"line":14,"column":2}},"22":{"start":{"line":11,"column":2},"end":{"line":11,"column":32}},"23":{"start":{"line":13,"column":2},"end":{"line":13,"column":23}},"24":{"start":{"line":16,"column":1},"end":{"line":36,"column":5}},"25":{"start":{"line":19,"column":3},"end":{"line":21,"column":4}},"26":{"start":{"line":20,"column":4},"end":{"line":20,"column":33}},"27":{"start":{"line":22,"column":3},"end":{"line":24,"column":4}},"28":{"start":{"line":23,"column":4},"end":{"line":23,"column":25}},"29":{"start":{"line":29,"column":3},"end":{"line":29,"column":20}},"30":{"start":{"line":31,"column":3},"end":{"line":34,"column":14}},"31":{"start":{"line":32,"column":4},"end":{"line":32,"column":52}},"32":{"start":{"line":33,"column":4},"end":{"line":33,"column":18}},"33":{"start":{"line":38,"column":1},"end":{"line":38,"column":15}},"34":{"start":{"line":41,"column":0},"end":{"line":43,"column":2}},"35":{"start":{"line":42,"column":1},"end":{"line":42,"column":30}}},"branchMap":{"1":{"line":3,"type":"binary-expr","locations":[{"start":{"line":3,"column":168},"end":{"line":3,"column":189}},{"start":{"line":3,"column":193},"end":{"line":3,"column":198}}]},"2":{"line":3,"type":"if","locations":[{"start":{"line":3,"column":232},"end":{"line":3,"column":232}},{"start":{"line":3,"column":232},"end":{"line":3,"column":232}}]},"3":{"line":3,"type":"if","locations":[{"start":{"line":3,"column":407},"end":{"line":3,"column":407}},{"start":{"line":3,"column":407},"end":{"line":3,"column":407}}]},"4":{"line":3,"type":"if","locations":[{"start":{"line":3,"column":476},"end":{"line":3,"column":476}},{"start":{"line":3,"column":476},"end":{"line":3,"column":476}}]},"5":{"line":5,"type":"if","locations":[{"start":{"line":5,"column":50},"end":{"line":5,"column":50}},{"start":{"line":5,"column":50},"end":{"line":5,"column":50}}]},"6":{"line":19,"type":"if","locations":[{"start":{"line":19,"column":3},"end":{"line":19,"column":3}},{"start":{"line":19,"column":3},"end":{"line":19,"column":3}}]},"7":{"line":22,"type":"if","locations":[{"start":{"line":22,"column":3},"end":{"line":22,"column":3}},{"start":{"line":22,"column":3},"end":{"line":22,"column":3}}]}},"code":["\"use strict\";","","var _createClass = function () { function defineProperties(target, props) { for (var i = 0; i < props.length; i++) { var descriptor = props[i]; descriptor.enumerable = descriptor.enumerable || false; descriptor.configurable = true; if (\"value\" in descriptor) descriptor.writable = true; Object.defineProperty(target, descriptor.key, descriptor); } } return function (Constructor, protoProps, staticProps) { if (protoProps) defineProperties(Constructor.prototype, protoProps); if (staticProps) defineProperties(Constructor, staticProps); return Constructor; }; }();","","function _classCallCheck(instance, Constructor) { if (!(instance instanceof Constructor)) { throw new TypeError(\"Cannot call a class as a function\"); } }","","var wrapper = require(\"../module-wrapper\");","","var Render = function () {","\tfunction Render() {","\t\t_classCallCheck(this, Render);","","\t\tthis.name = \"Render\";","\t}","","\t_createClass(Render, [{","\t\tkey: \"set\",","\t\tvalue: function set(obj) {","\t\t\tif (obj.compiled) {","\t\t\t\tthis.compiled = obj.compiled;","\t\t\t}","\t\t\tif (obj.data != null) {","\t\t\t\tthis.data = obj.data;","\t\t\t}","\t\t}","\t}, {","\t\tkey: \"getRenderedMap\",","\t\tvalue: function getRenderedMap(mapper) {","\t\t\tvar _this = this;","","\t\t\treturn Object.keys(this.compiled).reduce(function (mapper, from) {","\t\t\t\tmapper[from] = { from: from, data: _this.data };","\t\t\t\treturn mapper;","\t\t\t}, mapper);","\t\t}","\t}]);","","\treturn Render;","}();","","module.exports = function () {","\treturn wrapper(new Render());","};"],"l":{"3":2,"5":1,"7":1,"9":1,"10":1,"11":0,"13":0,"16":1,"19":0,"20":0,"22":0,"23":0,"29":0,"31":0,"32":0,"33":0,"38":1,"41":1,"42":0}},"/home/travis/build/npmtest/node-npmtest-docxtemplater/node_modules/docxtemplater/js/cli.js":{"path":"/home/travis/build/npmtest/node-npmtest-docxtemplater/node_modules/docxtemplater/js/cli.js","s":{"1":2,"2":2,"3":0,"4":0,"5":0,"6":0,"7":1,"8":0,"9":0,"10":0,"11":0,"12":0,"13":0,"14":0,"15":0,"16":0,"17":0,"18":0,"19":0,"20":0,"21":0,"22":0,"23":0,"24":0,"25":0,"26":0,"27":0,"28":0,"29":0,"30":0,"31":0,"32":0,"33":0,"34":0,"35":0,"36":0,"37":0,"38":0,"39":0,"40":0,"41":0,"42":0,"43":0,"44":0,"45":0,"46":0,"47":0,"48":0,"49":0,"50":0,"51":0,"52":0,"53":0,"54":0,"55":0,"56":0,"57":0,"58":0,"59":0,"60":0,"61":0,"62":0,"63":0,"64":0,"65":0,"66":0},"b":{"1":[0,0],"2":[0,0,0],"3":[0,0],"4":[0,0],"5":[0,0],"6":[0,0],"7":[0,0],"8":[0,0],"9":[0,0,0,0],"10":[0,0],"11":[0,0],"12":[0,0],"13":[0,0],"14":[0,0],"15":[0,0],"16":[0,0]},"f":{"1":0,"2":0,"3":0},"fnMap":{"1":{"name":"showHelp","line":16,"loc":{"start":{"line":16,"column":0},"end":{"line":16,"column":20}}},"2":{"name":"(anonymous_2)","line":82,"loc":{"start":{"line":82,"column":17},"end":{"line":82,"column":37}}},"3":{"name":"(anonymous_3)","line":92,"loc":{"start":{"line":92,"column":16},"end":{"line":92,"column":41}}}},"statementMap":{"1":{"start":{"line":9,"column":0},"end":{"line":9,"column":23}},"2":{"start":{"line":10,"column":0},"end":{"line":10,"column":29}},"3":{"start":{"line":11,"column":0},"end":{"line":11,"column":38}},"4":{"start":{"line":12,"column":0},"end":{"line":12,"column":47}},"5":{"start":{"line":13,"column":0},"end":{"line":13,"column":32}},"6":{"start":{"line":14,"column":0},"end":{"line":14,"column":27}},"7":{"start":{"line":16,"column":0},"end":{"line":21,"column":1}},"8":{"start":{"line":17,"column":1},"end":{"line":17,"column":55}},"9":{"start":{"line":18,"column":1},"end":{"line":18,"column":45}},"10":{"start":{"line":19,"column":1},"end":{"line":19,"column":63}},"11":{"start":{"line":20,"column":1},"end":{"line":20,"column":88}},"12":{"start":{"line":23,"column":0},"end":{"line":26,"column":1}},"13":{"start":{"line":24,"column":1},"end":{"line":24,"column":12}},"14":{"start":{"line":25,"column":1},"end":{"line":25,"column":34}},"15":{"start":{"line":28,"column":0},"end":{"line":28,"column":52}},"16":{"start":{"line":29,"column":0},"end":{"line":29,"column":32}},"17":{"start":{"line":31,"column":0},"end":{"line":31,"column":21}},"18":{"start":{"line":33,"column":0},"end":{"line":33,"column":43}},"19":{"start":{"line":34,"column":0},"end":{"line":34,"column":44}},"20":{"start":{"line":36,"column":0},"end":{"line":40,"column":1}},"21":{"start":{"line":37,"column":1},"end":{"line":39,"column":2}},"22":{"start":{"line":38,"column":2},"end":{"line":38,"column":50}},"23":{"start":{"line":42,"column":0},"end":{"line":42,"column":23}},"24":{"start":{"line":43,"column":0},"end":{"line":43,"column":18}},"25":{"start":{"line":45,"column":0},"end":{"line":48,"column":1}},"26":{"start":{"line":46,"column":1},"end":{"line":46,"column":53}},"27":{"start":{"line":47,"column":1},"end":{"line":47,"column":32}},"28":{"start":{"line":50,"column":0},"end":{"line":50,"column":86}},"29":{"start":{"line":51,"column":0},"end":{"line":51,"column":46}},"30":{"start":{"line":52,"column":0},"end":{"line":52,"column":71}},"31":{"start":{"line":53,"column":0},"end":{"line":53,"column":35}},"32":{"start":{"line":54,"column":0},"end":{"line":54,"column":44}},"33":{"start":{"line":55,"column":0},"end":{"line":55,"column":34}},"34":{"start":{"line":56,"column":0},"end":{"line":56,"column":42}},"35":{"start":{"line":57,"column":0},"end":{"line":60,"column":1}},"36":{"start":{"line":58,"column":1},"end":{"line":58,"column":12}},"37":{"start":{"line":59,"column":1},"end":{"line":59,"column":34}},"38":{"start":{"line":61,"column":0},"end":{"line":63,"column":1}},"39":{"start":{"line":62,"column":1},"end":{"line":62,"column":18}},"40":{"start":{"line":65,"column":0},"end":{"line":68,"column":1}},"41":{"start":{"line":66,"column":1},"end":{"line":66,"column":29}},"42":{"start":{"line":67,"column":1},"end":{"line":67,"column":21}},"43":{"start":{"line":69,"column":0},"end":{"line":71,"column":1}},"44":{"start":{"line":70,"column":1},"end":{"line":70,"column":47}},"45":{"start":{"line":73,"column":0},"end":{"line":73,"column":69}},"46":{"start":{"line":74,"column":0},"end":{"line":74,"column":29}},"47":{"start":{"line":75,"column":0},"end":{"line":75,"column":30}},"48":{"start":{"line":77,"column":0},"end":{"line":99,"column":1}},"49":{"start":{"line":78,"column":1},"end":{"line":78,"column":15}},"50":{"start":{"line":79,"column":1},"end":{"line":79,"column":23}},"51":{"start":{"line":80,"column":1},"end":{"line":80,"column":26}},"52":{"start":{"line":82,"column":1},"end":{"line":90,"column":3}},"53":{"start":{"line":83,"column":2},"end":{"line":83,"column":50}},"54":{"start":{"line":85,"column":2},"end":{"line":87,"column":3}},"55":{"start":{"line":86,"column":3},"end":{"line":86,"column":70}},"56":{"start":{"line":89,"column":2},"end":{"line":89,"column":45}},"57":{"start":{"line":92,"column":1},"end":{"line":95,"column":3}},"58":{"start":{"line":93,"column":2},"end":{"line":93,"column":36}},"59":{"start":{"line":94,"column":2},"end":{"line":94,"column":47}},"60":{"start":{"line":97,"column":1},"end":{"line":97,"column":41}},"61":{"start":{"line":98,"column":1},"end":{"line":98,"column":31}},"62":{"start":{"line":101,"column":0},"end":{"line":101,"column":17}},"63":{"start":{"line":102,"column":0},"end":{"line":102,"column":23}},"64":{"start":{"line":103,"column":0},"end":{"line":103,"column":13}},"65":{"start":{"line":104,"column":0},"end":{"line":104,"column":83}},"66":{"start":{"line":106,"column":0},"end":{"line":106,"column":51}}},"branchMap":{"1":{"line":23,"type":"if","locations":[{"start":{"line":23,"column":0},"end":{"line":23,"column":0}},{"start":{"line":23,"column":0},"end":{"line":23,"column":0}}]},"2":{"line":23,"type":"binary-expr","locations":[{"start":{"line":23,"column":4},"end":{"line":23,"column":32}},{"start":{"line":23,"column":36},"end":{"line":23,"column":60}},{"start":{"line":23,"column":64},"end":{"line":23,"column":87}}]},"3":{"line":37,"type":"if","locations":[{"start":{"line":37,"column":1},"end":{"line":37,"column":1}},{"start":{"line":37,"column":1},"end":{"line":37,"column":1}}]},"4":{"line":45,"type":"if","locations":[{"start":{"line":45,"column":0},"end":{"line":45,"column":0}},{"start":{"line":45,"column":0},"end":{"line":45,"column":0}}]},"5":{"line":45,"type":"binary-expr","locations":[{"start":{"line":45,"column":4},"end":{"line":45,"column":27}},{"start":{"line":45,"column":31},"end":{"line":45,"column":99}}]},"6":{"line":50,"type":"binary-expr","locations":[{"start":{"line":50,"column":43},"end":{"line":50,"column":67}},{"start":{"line":50,"column":71},"end":{"line":50,"column":73}}]},"7":{"line":52,"type":"cond-expr","locations":[{"start":{"line":52,"column":55},"end":{"line":52,"column":61}},{"start":{"line":52,"column":64},"end":{"line":52,"column":70}}]},"8":{"line":57,"type":"if","locations":[{"start":{"line":57,"column":0},"end":{"line":57,"column":0}},{"start":{"line":57,"column":0},"end":{"line":57,"column":0}}]},"9":{"line":57,"type":"binary-expr","locations":[{"start":{"line":57,"column":4},"end":{"line":57,"column":24}},{"start":{"line":57,"column":28},"end":{"line":57,"column":53}},{"start":{"line":57,"column":57},"end":{"line":57,"column":78}},{"start":{"line":57,"column":82},"end":{"line":57,"column":103}}]},"10":{"line":61,"type":"if","locations":[{"start":{"line":61,"column":0},"end":{"line":61,"column":0}},{"start":{"line":61,"column":0},"end":{"line":61,"column":0}}]},"11":{"line":61,"type":"binary-expr","locations":[{"start":{"line":61,"column":4},"end":{"line":61,"column":18}},{"start":{"line":61,"column":22},"end":{"line":61,"column":41}}]},"12":{"line":65,"type":"if","locations":[{"start":{"line":65,"column":0},"end":{"line":65,"column":0}},{"start":{"line":65,"column":0},"end":{"line":65,"column":0}}]},"13":{"line":69,"type":"if","locations":[{"start":{"line":69,"column":0},"end":{"line":69,"column":0}},{"start":{"line":69,"column":0},"end":{"line":69,"column":0}}]},"14":{"line":77,"type":"if","locations":[{"start":{"line":77,"column":0},"end":{"line":77,"column":0}},{"start":{"line":77,"column":0},"end":{"line":77,"column":0}}]},"15":{"line":77,"type":"binary-expr","locations":[{"start":{"line":77,"column":4},"end":{"line":77,"column":15}},{"start":{"line":77,"column":19},"end":{"line":77,"column":25}}]},"16":{"line":85,"type":"if","locations":[{"start":{"line":85,"column":2},"end":{"line":85,"column":2}},{"start":{"line":85,"column":2},"end":{"line":85,"column":2}}]}},"code":["//#!/usr/bin/env node","","","\"use strict\";","","/* eslint-disable no-console */","// Because we are in the cli","","var fs = require(\"fs\");","var JSZip = require(\"jszip\");","var DocUtils = require(\"./doc-utils\");","var Docxtemplater = require(\"./docxtemplater\");","var fileExts = [\"pptx\", \"docx\"];","var path = require(\"path\");","","function showHelp() {","\tconsole.info(\"Usage: docxtemplater <configFilePath>\");","\tconsole.info(\"--- ConfigFile Format: json\");","\tconsole.info(\"--- Supports filetypes: \" + fileExts.join(\",\"));","\treturn console.info(\"--- see https://docxtemplater.readthedocs.io/en/latest/cli.html\");","}","","if (process.argv[2] === \"--help\" || process.argv[2] === \"-h\" || process.argv[2] == null) {","\tshowHelp();","\tthrow new Error(\"Nothing to do\");","}","","var res = fs.readFileSync(process.argv[2], \"utf-8\");","var jsonInput = JSON.parse(res);","","DocUtils.config = {};","","var currentPath = process.cwd() + path.sep;","DocUtils.pathConfig = { node: currentPath };","","for (var key in jsonInput) {","\tif (key.substr(0, 7) === \"config.\") {","\t\tDocUtils.config[key.substr(7)] = jsonInput[key];","\t}","}","","var ImageModule = null;","var sizeOf = null;","","if (DocUtils.config.modules && DocUtils.config.modules.indexOf(\"docxtemplater-image-module\") !== -1) {","\tImageModule = require(\"docxtemplater-image-module\");","\tsizeOf = require(\"image-size\");","}","","var imageDir = path.resolve(process.cwd(), DocUtils.config.imageDir || \"\") + path.sep;","var inputFileName = DocUtils.config.inputFile;","var fileType = inputFileName.indexOf(\".pptx\") !== -1 ? \"pptx\" : \"docx\";","var jsonFileName = process.argv[2];","var outputFile = DocUtils.config.outputFile;","var debug = DocUtils.config.debug;","var debugBool = DocUtils.config.debugBool;","if (jsonFileName == null || jsonFileName === \"--help\" || jsonFileName === \"-h\" || inputFileName == null) {","\tshowHelp();","\tthrow new Error(\"Nothing to do\");","}","if (debug === \"-d\" || debug === \"--debug\") {","\tdebugBool = true;","}","","if (debugBool) {","\tconsole.info(process.cwd());","\tconsole.info(debug);","}","if (debugBool) {","\tconsole.info(\"loading docx:\" + inputFileName);","}","","var content = fs.readFileSync(currentPath + inputFileName, \"binary\");","var zip = new JSZip(content);","var doc = new Docxtemplater();","","if (ImageModule && sizeOf) {","\tvar opts = {};","\topts.centered = false;","\topts.fileType = fileType;","","\topts.getImage = function (tagValue) {","\t\tvar filePath = path.resolve(imageDir, tagValue);","","\t\tif (filePath.indexOf(imageDir) !== 0) {","\t\t\tthrow new Error(\"Images must be stored under folder: \" + imageDir);","\t\t}","","\t\treturn fs.readFileSync(filePath, \"binary\");","\t};","","\topts.getSize = function (img, tagValue) {","\t\tvar dimensions = sizeOf(tagValue);","\t\treturn [dimensions.width, dimensions.height];","\t};","","\tvar imageModule = new ImageModule(opts);","\tdoc.attachModule(imageModule);","}","","doc.loadZip(zip);","doc.setData(jsonInput);","doc.render();","var output = doc.getZip().generate({ type: \"nodebuffer\", compression: \"DEFLATE\" });","","fs.writeFileSync(currentPath + outputFile, output);"],"l":{"9":2,"10":2,"11":0,"12":0,"13":0,"14":0,"16":1,"17":0,"18":0,"19":0,"20":0,"23":0,"24":0,"25":0,"28":0,"29":0,"31":0,"33":0,"34":0,"36":0,"37":0,"38":0,"42":0,"43":0,"45":0,"46":0,"47":0,"50":0,"51":0,"52":0,"53":0,"54":0,"55":0,"56":0,"57":0,"58":0,"59":0,"61":0,"62":0,"65":0,"66":0,"67":0,"69":0,"70":0,"73":0,"74":0,"75":0,"77":0,"78":0,"79":0,"80":0,"82":0,"83":0,"85":0,"86":0,"89":0,"92":0,"93":0,"94":0,"97":0,"98":0,"101":0,"102":0,"103":0,"104":0,"106":0}}}